2017/11/23_12:34:42: Peer 1006 has the preferred neighbors [1005, 1004]
2017/11/23_12:34:44: Peer 1006 received the ‘have’ message from 1002 for the piece 10
2017/11/23_12:34:44: Peer 1006 received the ‘have’ message from 1003 for the piece 155
2017/11/23_12:34:45: Peer 1006 received the ‘have’ message from 1004 for the piece 10
2017/11/23_12:34:45: Peer 1006 received the ‘have’ message from 1003 for the piece 10
2017/11/23_12:34:45: Peer 1006 received the ‘have’ message from 1003 for the piece 19
2017/11/23_12:34:45: Peer 1006 received the ‘have’ message from 1002 for the piece 96
2017/11/23_12:34:45: Peer 1006 received the ‘have’ message from 1002 for the piece 112
2017/11/23_12:34:45: Peer 1006 received the ‘have’ message from 1004 for the piece 96
2017/11/23_12:34:45: Peer 1006 received the ‘have’ message from 1004 for the piece 155
2017/11/23_12:34:45: Peer 1006 received the ‘have’ message from 1003 for the piece 147
2017/11/23_12:34:45: Peer 1006 received the ‘have’ message from 1003 for the piece 96
2017/11/23_12:34:45: Peer 1006 received the ‘have’ message from 1004 for the piece 112
2017/11/23_12:34:46: Peer 1006 received the ‘have’ message from 1003 for the piece 96
2017/11/23_12:34:46: Peer 1006 received the ‘have’ message from 1002 for the piece 94
2017/11/23_12:34:46: Peer 1006 received the ‘have’ message from 1004 for the piece 19
2017/11/23_12:34:46: Peer 1006 received the ‘have’ message from 1002 for the piece 19
2017/11/23_12:34:46: Peer 1006 received the ‘have’ message from 1004 for the piece 94
2017/11/23_12:34:46: Peer 1006 received the ‘have’ message from 1003 for the piece 135
2017/11/23_12:34:46: Peer 1006 has the preferred neighbors [1005, 1004]
2017/11/23_12:34:47: Peer 1006 received the ‘have’ message from 1002 for the piece 99
2017/11/23_12:34:47: Peer 1006 received the ‘have’ message from 1004 for the piece 19
2017/11/23_12:34:47: Peer 1006 received the ‘have’ message from 1002 for the piece 155
2017/11/23_12:34:47: Peer 1006 received the ‘have’ message from 1002 for the piece 179
2017/11/23_12:34:47: Peer 1006 received the ‘have’ message from 1004 for the piece 19
2017/11/23_12:34:47: Peer 1006 received the ‘have’ message from 1002 for the piece 155
2017/11/23_12:34:47: Peer 1006 received the ‘have’ message from 1002 for the piece 19
2017/11/23_12:34:47: Peer 1006 received the ‘have’ message from 1002 for the piece 155
2017/11/23_12:34:48: Peer 1006 received the ‘have’ message from 1002 for the piece 155
2017/11/23_12:34:48: Peer 1006 received the ‘have’ message from 1002 for the piece 166
2017/11/23_12:34:48: Peer 1006 received the ‘have’ message from 1004 for the piece 99
2017/11/23_12:34:48: Peer 1006 received the ‘have’ message from 1002 for the piece 61
2017/11/23_12:34:48: Peer 1006 received the ‘have’ message from 1002 for the piece 19
2017/11/23_12:34:49: Peer 1006 received the ‘have’ message from 1004 for the piece 147
2017/11/23_12:34:49: Peer 1006 received the ‘have’ message from 1002 for the piece 166
2017/11/23_12:34:49: Peer 1006 is unchoked by 1002
2017/11/23_12:34:50: Peer 1006 received the ‘have’ message from 1004 for the piece 99
2017/11/23_12:34:50: Peer 1006 received the ‘have’ message from 1005 for the piece 19
2017/11/23_12:34:50: Peer 1006 received the ‘not interested’ message from 1004
2017/11/23_12:34:50: Peer 1006 received the ‘interested’ message from 1005
2017/11/23_12:34:50: Peer 1006 received the ‘interested’ message from 1003
2017/11/23_12:34:50: Peer 1006 has downloaded the piece 112 from 1002 Now the number of pieces it has is 1
2017/11/23_12:34:50: Peer 1006 received the ‘not interested’ message from 1001
2017/11/23_12:34:50: Peer 1006 received the ‘not interested’ message from 1002
2017/11/23_12:34:50: Peer 1006 received the ‘have’ message from 1004 for the piece 99
2017/11/23_12:34:50: Peer 1006 received the ‘have’ message from 1005 for the piece 155
2017/11/23_12:34:50: Peer 1006 received the ‘interested’ message from 1005
2017/11/23_12:34:50: Peer 1006 received the ‘not interested’ message from 1004
2017/11/23_12:34:50: Peer 1006 received the ‘interested’ message from 1003
2017/11/23_12:34:50: Peer 1006 has downloaded the piece 10 from 1002 Now the number of pieces it has is 2
2017/11/23_12:34:50: Peer 1006 received the ‘not interested’ message from 1001
2017/11/23_12:34:50: Peer 1006 received the ‘have’ message from 1002 for the piece 155
2017/11/23_12:34:51: Peer 1006 received the ‘have’ message from 1004 for the piece 147
2017/11/23_12:34:51: Peer 1006 received the ‘have’ message from 1004 for the piece 99
2017/11/23_12:34:51: Peer 1006 is unchoked by 1004
2017/11/23_12:34:51: Peer 1006 received the ‘have’ message from 1005 for the piece 61
2017/11/23_12:34:51: Peer 1006 received the ‘interested’ message from 1005
2017/11/23_12:34:51: Peer 1006 has downloaded the piece 155 from 1002 Now the number of pieces it has is 3
2017/11/23_12:34:51: Peer 1006 received the ‘interested’ message from 1003
2017/11/23_12:34:51: Peer 1006 received the ‘not interested’ message from 1001
2017/11/23_12:34:51: Peer 1006 received the ‘interested’ message from 1005
2017/11/23_12:34:51: Peer 1006 has downloaded the piece 19 from 1004 Now the number of pieces it has is 4
2017/11/23_12:34:51: Peer 1006 received the ‘interested’ message from 1003
2017/11/23_12:34:51: Peer 1006 received the ‘not interested’ message from 1001
2017/11/23_12:34:51: Peer 1006 received the ‘have’ message from 1005 for the piece 99
2017/11/23_12:34:51: Peer 1006 received the ‘not interested’ message from 1002
2017/11/23_12:34:51: Peer 1006 is unchoked by 1005
2017/11/23_12:34:51: Peer 1006 received the ‘not interested’ message from 1004
2017/11/23_12:34:51: Peer 1006 received the ‘not interested’ message from 1001
2017/11/23_12:34:51: Peer 1006 has downloaded the piece 61 from 1005 Now the number of pieces it has is 5
2017/11/23_12:34:51: Peer 1006 received the ‘interested’ message from 1003
2017/11/23_12:34:52: Peer 1006 received the ‘not interested’ message from 1004
2017/11/23_12:34:52: Peer 1006 received the ‘have’ message from 1005 for the piece 112
2017/11/23_12:34:52: Peer 1006 received the ‘interested’ message from 1005
2017/11/23_12:34:52: Peer 1006 has downloaded the piece 99 from 1002 Now the number of pieces it has is 6
2017/11/23_12:34:52: Peer 1006 received the ‘interested’ message from 1003
2017/11/23_12:34:52: Peer 1006 has the preferred neighbors [1002, 1005]
2017/11/23_12:34:52: Peer 1006 received the ‘not interested’ message from 1001
2017/11/23_12:34:52: Peer 1006 has downloaded the piece 99 from 1005 Now the number of pieces it has is 6
2017/11/23_12:34:52: Peer 1006 received the ‘not interested’ message from 1001
2017/11/23_12:34:52: Peer 1006 received the ‘interested’ message from 1003
2017/11/23_12:34:52: Peer 1006 received the ‘interested’ message from 1005
2017/11/23_12:34:52: Peer 1006 received the ‘interested’ message from 1005
2017/11/23_12:34:52: Peer 1006 received the ‘have’ message from 1005 for the piece 112
2017/11/23_12:34:52: Peer 1006 received the ‘have’ message from 1005 for the piece 147
2017/11/23_12:34:52: Peer 1006 has downloaded the piece 179 from 1002 Now the number of pieces it has is 7
2017/11/23_12:34:52: Peer 1006 has downloaded the piece 99 from 1004 Now the number of pieces it has is 7
2017/11/23_12:34:52: Peer 1006 received the ‘not interested’ message from 1001
2017/11/23_12:34:52: Peer 1006 received the ‘not interested’ message from 1001
2017/11/23_12:34:52: Peer 1006 received the ‘have’ message from 1004 for the piece 179
2017/11/23_12:34:52: Peer 1006 received the ‘not interested’ message from 1002
2017/11/23_12:34:52: Peer 1006 received the ‘interested’ message from 1005
2017/11/23_12:34:53: Peer 1006 received the ‘have’ message from 1004 for the piece 147
2017/11/23_12:34:53: Peer 1006 has downloaded the piece 61 from 1002 Now the number of pieces it has is 7
2017/11/23_12:34:53: Peer 1006 received the ‘have’ message from 1005 for the piece 10
2017/11/23_12:34:53: Peer 1006 received the ‘not interested’ message from 1001
2017/11/23_12:34:53: Peer 1006 has downloaded the piece 147 from 1004 Now the number of pieces it has is 8
2017/11/23_12:34:53: Peer 1006 received the ‘not interested’ message from 1001
2017/11/23_12:34:53: Peer 1006 received the ‘have’ message from 1002 for the piece 145
2017/11/23_12:34:53: Peer 1006 received the ‘interested’ message from 1004
2017/11/23_12:34:53: Peer 1006 has downloaded the piece 147 from 1005 Now the number of pieces it has is 8
2017/11/23_12:34:53: Peer 1006 received the ‘not interested’ message from 1005
2017/11/23_12:34:53: Peer 1006 received the ‘not interested’ message from 1001
2017/11/23_12:34:53: Peer 1006 received the ‘interested’ message from 1005
2017/11/23_12:34:53: Peer 1006 received the ‘have’ message from 1005 for the piece 94
2017/11/23_12:34:53: Peer 1006 received the ‘have’ message from 1002 for the piece 147
2017/11/23_12:34:53: Peer 1006 has downloaded the piece 147 from 1004 Now the number of pieces it has is 8
2017/11/23_12:34:53: Peer 1006 received the ‘not interested’ message from 1001
2017/11/23_12:34:53: Peer 1006 received the ‘have’ message from 1005 for the piece 10
2017/11/23_12:34:54: Peer 1006 received the ‘not interested’ message from 1002
2017/11/23_12:34:54: Peer 1006 received the ‘interested’ message from 1004
2017/11/23_12:34:54: Peer 1006 received the ‘have’ message from 1002 for the piece 177
2017/11/23_12:34:54: Peer 1006 received the ‘have’ message from 1004 for the piece 99
2017/11/23_12:34:54: Peer 1006 received the ‘interested’ message from 1004
2017/11/23_12:34:54: Peer 1006 has downloaded the piece 147 from 1005 Now the number of pieces it has is 9
2017/11/23_12:34:54: Peer 1006 received the ‘not interested’ message from 1001
2017/11/23_12:34:54: Peer 1006 received the ‘interested’ message from 1004
2017/11/23_12:34:54: Peer 1006 has downloaded the piece 166 from 1002 Now the number of pieces it has is 9
2017/11/23_12:34:54: Peer 1006 received the ‘not interested’ message from 1001
2017/11/23_12:34:55: Peer 1006 received the ‘not interested’ message from 1002
2017/11/23_12:34:55: Peer 1006 received the ‘interested’ message from 1004
2017/11/23_12:34:55: Peer 1006 received the ‘have’ message from 1005 for the piece 96
2017/11/23_12:34:55: Peer 1006 has downloaded the piece 147 from 1005 Now the number of pieces it has is 10
2017/11/23_12:34:55: Peer 1006 has downloaded the piece 94 from 1004 Now the number of pieces it has is 10
2017/11/23_12:34:55: Peer 1006 received the ‘not interested’ message from 1001
2017/11/23_12:34:55: Peer 1006 received the ‘not interested’ message from 1001
2017/11/23_12:34:55: Peer 1006 received the ‘not interested’ message from 1002
2017/11/23_12:34:55: Peer 1006 received the ‘have’ message from 1004 for the piece 99
2017/11/23_12:34:55: Peer 1006 received the ‘not interested’ message from 1002
2017/11/23_12:34:55: Peer 1006 received the ‘have’ message from 1005 for the piece 96
2017/11/23_12:34:55: Peer 1006 received the ‘have’ message from 1004 for the piece 147
2017/11/23_12:34:56: Peer 1006 received the ‘have’ message from 1005 for the piece 10
2017/11/23_12:34:56: Peer 1006 has downloaded the piece 179 from 1002 Now the number of pieces it has is 10
2017/11/23_12:34:56: Peer 1006 received the ‘not interested’ message from 1001
2017/11/23_12:34:56: Peer 1006 received the ‘not interested’ message from 1002
2017/11/23_12:34:56: Peer 1006 has the optimistically unchoked neighbor 0
2017/11/23_12:35:11: Peer 1006 has the optimistically unchoked neighbor 0
