2017/11/26_17:14:31: Peer 1006 has the preferred neighbors [0, 0]
2017/11/26_17:14:31: Peer 1006 received the ‘have’ message from 1002 for the piece 87
2017/11/26_17:14:31: Peer 1006 received the ‘have’ message from 1004 for the piece 131
2017/11/26_17:14:31: Peer 1006 received the ‘have’ message from 1004 for the piece 9
2017/11/26_17:14:31: Peer 1006 received the ‘have’ message from 1004 for the piece 143
2017/11/26_17:14:31: Peer 1006 received the ‘have’ message from 1002 for the piece 65
2017/11/26_17:14:31: Peer 1006 received the ‘have’ message from 1002 for the piece 165
2017/11/26_17:14:31: Peer 1006 received the ‘have’ message from 1002 for the piece 137
2017/11/26_17:14:31: Peer 1006 received the ‘have’ message from 1002 for the piece 121
2017/11/26_17:14:31: Peer 1006 received the ‘have’ message from 1002 for the piece 169
2017/11/26_17:14:32: Peer 1006 received the ‘have’ message from 1002 for the piece 9
2017/11/26_17:14:32: Peer 1006 received the ‘have’ message from 1005 for the piece 37
2017/11/26_17:14:32: Peer 1006 received the ‘have’ message from 1002 for the piece 112
2017/11/26_17:14:32: Peer 1006 received the ‘have’ message from 1005 for the piece 112
2017/11/26_17:14:32: Peer 1006 received the ‘have’ message from 1002 for the piece 37
2017/11/26_17:14:32: Peer 1006 received the ‘have’ message from 1005 for the piece 131
2017/11/26_17:14:33: Peer 1006 received the ‘have’ message from 1004 for the piece 144
2017/11/26_17:14:33: Peer 1006 received the ‘have’ message from 1005 for the piece 111
2017/11/26_17:14:33: Peer 1006 received the ‘have’ message from 1004 for the piece 111
2017/11/26_17:14:33: Peer 1006 received the ‘have’ message from 1005 for the piece 121
2017/11/26_17:14:33: Peer 1006 received the ‘have’ message from 1005 for the piece 169
2017/11/26_17:14:33: Peer 1006 received the ‘have’ message from 1004 for the piece 4
2017/11/26_17:14:33: Peer 1006 received the ‘have’ message from 1004 for the piece 121
2017/11/26_17:14:33: Peer 1006 received the ‘have’ message from 1004 for the piece 169
2017/11/26_17:14:33: Peer 1006 received the ‘have’ message from 1005 for the piece 87
2017/11/26_17:14:33: Peer 1006 received the ‘have’ message from 1004 for the piece 165
2017/11/26_17:14:33: Peer 1006 received the ‘have’ message from 1004 for the piece 87
2017/11/26_17:14:33: Peer 1006 received the ‘have’ message from 1005 for the piece 144
2017/11/26_17:14:33: Peer 1006 received the ‘have’ message from 1004 for the piece 65
2017/11/26_17:14:33: Peer 1006 received the ‘have’ message from 1005 for the piece 137
2017/11/26_17:14:33: Peer 1006 received the ‘have’ message from 1004 for the piece 137
2017/11/26_17:14:33: Peer 1006 received the ‘have’ message from 1005 for the piece 65
2017/11/26_17:14:33: Peer 1006 received the ‘have’ message from 1005 for the piece 4
2017/11/26_17:14:33: Peer 1006 received the ‘have’ message from 1005 for the piece 165
2017/11/26_17:14:33: Peer 1006 received the ‘have’ message from 1005 for the piece 9
2017/11/26_17:14:33: Peer 1006 received the ‘have’ message from 1003 for the piece 121
2017/11/26_17:14:36: Peer 1006 has the preferred neighbors [0, 0]
2017/11/26_17:14:36: Peer 1006 is unchoked by 1001
2017/11/26_17:14:36: Peer 1006 received the ‘have’ message from 1005 for the piece 45
2017/11/26_17:14:36: Peer 1006 has downloaded the piece 31 from 1001 Now the number of pieces it has is 1
2017/11/26_17:14:36: Peer 1006 received the ‘interested’ message from 1003
2017/11/26_17:14:36: Peer 1006 received the ‘interested’ message from 1005
2017/11/26_17:14:36: Peer 1006 received the ‘have’ message from 1005 for the piece 161
2017/11/26_17:14:36: Peer 1006 has downloaded the piece 175 from 1001 Now the number of pieces it has is 2
2017/11/26_17:14:36: Peer 1006 received the ‘interested’ message from 1003
2017/11/26_17:14:36: Peer 1006 has downloaded the piece 27 from 1001 Now the number of pieces it has is 3
2017/11/26_17:14:36: Peer 1006 received the ‘interested’ message from 1004
2017/11/26_17:14:36: Peer 1006 received the ‘interested’ message from 1002
2017/11/26_17:14:36: Peer 1006 received the ‘interested’ message from 1003
2017/11/26_17:14:36: Peer 1006 received the ‘interested’ message from 1004
2017/11/26_17:14:36: Peer 1006 received the ‘interested’ message from 1002
2017/11/26_17:14:36: Peer 1006 has downloaded the piece 68 from 1001 Now the number of pieces it has is 4
2017/11/26_17:14:36: Peer 1006 received the ‘interested’ message from 1004
2017/11/26_17:14:36: Peer 1006 received the ‘interested’ message from 1003
2017/11/26_17:14:36: Peer 1006 received the ‘interested’ message from 1004
2017/11/26_17:14:36: Peer 1006 received the ‘interested’ message from 1002
2017/11/26_17:14:36: Peer 1006 received the ‘interested’ message from 1005
2017/11/26_17:14:36: Peer 1006 has downloaded the piece 190 from 1001 Now the number of pieces it has is 5
2017/11/26_17:14:36: Peer 1006 received the ‘interested’ message from 1004
2017/11/26_17:14:36: Peer 1006 received the ‘interested’ message from 1002
2017/11/26_17:14:36: Peer 1006 has downloaded the piece 173 from 1001 Now the number of pieces it has is 6
2017/11/26_17:14:36: Peer 1006 received the ‘interested’ message from 1003
2017/11/26_17:14:36: Peer 1006 received the ‘interested’ message from 1004
2017/11/26_17:14:36: Peer 1006 has downloaded the piece 32 from 1001 Now the number of pieces it has is 7
2017/11/26_17:14:36: Peer 1006 received the ‘interested’ message from 1003
2017/11/26_17:14:36: Peer 1006 received the ‘interested’ message from 1004
2017/11/26_17:14:36: Peer 1006 received the ‘interested’ message from 1002
2017/11/26_17:14:36: Peer 1006 has downloaded the piece 195 from 1001 Now the number of pieces it has is 8
2017/11/26_17:14:36: Peer 1006 received the ‘interested’ message from 1004
2017/11/26_17:14:36: Peer 1006 received the ‘interested’ message from 1003
2017/11/26_17:14:36: Peer 1006 received the ‘interested’ message from 1002
2017/11/26_17:14:36: Peer 1006 has downloaded the piece 132 from 1001 Now the number of pieces it has is 9
2017/11/26_17:14:36: Peer 1006 has downloaded the piece 65 from 1001 Now the number of pieces it has is 10
2017/11/26_17:14:36: Peer 1006 received the ‘interested’ message from 1004
2017/11/26_17:14:36: Peer 1006 received the ‘interested’ message from 1003
2017/11/26_17:14:36: Peer 1006 received the ‘interested’ message from 1002
2017/11/26_17:14:36: Peer 1006 received the ‘interested’ message from 1003
2017/11/26_17:14:36: Peer 1006 has downloaded the piece 33 from 1001 Now the number of pieces it has is 11
2017/11/26_17:14:36: Peer 1006 received the ‘interested’ message from 1003
2017/11/26_17:14:37: Peer 1006 received the ‘interested’ message from 1002
2017/11/26_17:14:37: Peer 1006 received the ‘interested’ message from 1004
2017/11/26_17:14:37: Peer 1006 received the ‘interested’ message from 1003
2017/11/26_17:14:37: Peer 1006 has downloaded the piece 183 from 1001 Now the number of pieces it has is 12
2017/11/26_17:14:37: Peer 1006 received the ‘interested’ message from 1002
2017/11/26_17:14:37: Peer 1006 received the ‘interested’ message from 1004
2017/11/26_17:14:37: Peer 1006 has downloaded the piece 44 from 1001 Now the number of pieces it has is 13
2017/11/26_17:14:37: Peer 1006 received the ‘interested’ message from 1003
2017/11/26_17:14:37: Peer 1006 has downloaded the piece 130 from 1001 Now the number of pieces it has is 14
2017/11/26_17:14:37: Peer 1006 received the ‘interested’ message from 1004
2017/11/26_17:14:37: Peer 1006 received the ‘interested’ message from 1002
2017/11/26_17:14:37: Peer 1006 received the ‘interested’ message from 1004
2017/11/26_17:14:37: Peer 1006 received the ‘interested’ message from 1003
2017/11/26_17:14:37: Peer 1006 has downloaded the piece 104 from 1001 Now the number of pieces it has is 15
2017/11/26_17:14:37: Peer 1006 received the ‘interested’ message from 1004
2017/11/26_17:14:37: Peer 1006 received the ‘interested’ message from 1002
2017/11/26_17:14:37: Peer 1006 has downloaded the piece 93 from 1001 Now the number of pieces it has is 16
2017/11/26_17:14:37: Peer 1006 received the ‘interested’ message from 1003
2017/11/26_17:14:37: Peer 1006 has downloaded the piece 66 from 1001 Now the number of pieces it has is 17
2017/11/26_17:14:37: Peer 1006 received the ‘interested’ message from 1002
2017/11/26_17:14:37: Peer 1006 received the ‘interested’ message from 1004
2017/11/26_17:14:37: Peer 1006 received the ‘interested’ message from 1003
2017/11/26_17:14:37: Peer 1006 has downloaded the piece 56 from 1001 Now the number of pieces it has is 18
2017/11/26_17:14:37: Peer 1006 received the ‘interested’ message from 1002
2017/11/26_17:14:37: Peer 1006 received the ‘interested’ message from 1004
2017/11/26_17:14:37: Peer 1006 received the ‘interested’ message from 1003
2017/11/26_17:14:37: Peer 1006 has downloaded the piece 34 from 1001 Now the number of pieces it has is 19
2017/11/26_17:14:37: Peer 1006 received the ‘interested’ message from 1002
2017/11/26_17:14:37: Peer 1006 received the ‘interested’ message from 1004
2017/11/26_17:14:37: Peer 1006 has downloaded the piece 37 from 1001 Now the number of pieces it has is 20
2017/11/26_17:14:37: Peer 1006 received the ‘interested’ message from 1002
2017/11/26_17:14:37: Peer 1006 has downloaded the piece 144 from 1001 Now the number of pieces it has is 21
2017/11/26_17:14:37: Peer 1006 received the ‘interested’ message from 1004
2017/11/26_17:14:37: Peer 1006 has downloaded the piece 148 from 1001 Now the number of pieces it has is 22
2017/11/26_17:14:37: Peer 1006 received the ‘interested’ message from 1003
2017/11/26_17:14:37: Peer 1006 received the ‘interested’ message from 1002
2017/11/26_17:14:37: Peer 1006 has downloaded the piece 19 from 1001 Now the number of pieces it has is 23
2017/11/26_17:14:37: Peer 1006 received the ‘interested’ message from 1003
2017/11/26_17:14:37: Peer 1006 received the ‘interested’ message from 1004
2017/11/26_17:14:37: Peer 1006 received the ‘interested’ message from 1003
2017/11/26_17:14:37: Peer 1006 has downloaded the piece 103 from 1001 Now the number of pieces it has is 24
2017/11/26_17:14:37: Peer 1006 received the ‘interested’ message from 1002
2017/11/26_17:14:37: Peer 1006 received the ‘interested’ message from 1004
2017/11/26_17:14:37: Peer 1006 received the ‘interested’ message from 1002
2017/11/26_17:14:37: Peer 1006 received the ‘interested’ message from 1004
2017/11/26_17:14:37: Peer 1006 has downloaded the piece 74 from 1001 Now the number of pieces it has is 25
2017/11/26_17:14:37: Peer 1006 received the ‘interested’ message from 1002
2017/11/26_17:14:37: Peer 1006 received the ‘interested’ message from 1003
2017/11/26_17:14:37: Peer 1006 received the ‘interested’ message from 1004
2017/11/26_17:14:37: Peer 1006 has downloaded the piece 21 from 1001 Now the number of pieces it has is 26
2017/11/26_17:14:37: Peer 1006 received the ‘interested’ message from 1002
2017/11/26_17:14:37: Peer 1006 received the ‘interested’ message from 1003
2017/11/26_17:14:37: Peer 1006 has downloaded the piece 182 from 1001 Now the number of pieces it has is 27
2017/11/26_17:14:37: Peer 1006 received the ‘interested’ message from 1004
2017/11/26_17:14:37: Peer 1006 has downloaded the piece 50 from 1001 Now the number of pieces it has is 28
2017/11/26_17:14:37: Peer 1006 received the ‘interested’ message from 1003
2017/11/26_17:14:37: Peer 1006 received the ‘interested’ message from 1004
2017/11/26_17:14:37: Peer 1006 has downloaded the piece 138 from 1001 Now the number of pieces it has is 29
2017/11/26_17:14:37: Peer 1006 received the ‘interested’ message from 1002
2017/11/26_17:14:37: Peer 1006 received the ‘interested’ message from 1002
2017/11/26_17:14:37: Peer 1006 received the ‘interested’ message from 1002
2017/11/26_17:14:37: Peer 1006 received the ‘interested’ message from 1003
2017/11/26_17:14:37: Peer 1006 has downloaded the piece 101 from 1001 Now the number of pieces it has is 30
2017/11/26_17:14:37: Peer 1006 received the ‘interested’ message from 1004
2017/11/26_17:14:37: Peer 1006 received the ‘interested’ message from 1004
2017/11/26_17:14:37: Peer 1006 received the ‘interested’ message from 1003
2017/11/26_17:14:37: Peer 1006 received the ‘interested’ message from 1002
2017/11/26_17:14:37: Peer 1006 has downloaded the piece 134 from 1001 Now the number of pieces it has is 31
2017/11/26_17:14:37: Peer 1006 received the ‘interested’ message from 1004
2017/11/26_17:14:37: Peer 1006 has downloaded the piece 115 from 1001 Now the number of pieces it has is 32
2017/11/26_17:14:37: Peer 1006 received the ‘interested’ message from 1003
2017/11/26_17:14:37: Peer 1006 has downloaded the piece 186 from 1001 Now the number of pieces it has is 33
2017/11/26_17:14:37: Peer 1006 received the ‘interested’ message from 1002
2017/11/26_17:14:37: Peer 1006 received the ‘interested’ message from 1002
2017/11/26_17:14:37: Peer 1006 received the ‘interested’ message from 1003
2017/11/26_17:14:37: Peer 1006 received the ‘interested’ message from 1002
2017/11/26_17:14:37: Peer 1006 received the ‘interested’ message from 1004
2017/11/26_17:14:37: Peer 1006 received the ‘interested’ message from 1002
2017/11/26_17:14:37: Peer 1006 has downloaded the piece 83 from 1001 Now the number of pieces it has is 34
2017/11/26_17:14:37: Peer 1006 received the ‘interested’ message from 1003
2017/11/26_17:14:37: Peer 1006 has downloaded the piece 13 from 1001 Now the number of pieces it has is 35
2017/11/26_17:14:37: Peer 1006 received the ‘interested’ message from 1004
2017/11/26_17:14:37: Peer 1006 received the ‘interested’ message from 1003
2017/11/26_17:14:37: Peer 1006 received the ‘interested’ message from 1004
2017/11/26_17:14:37: Peer 1006 has downloaded the piece 92 from 1001 Now the number of pieces it has is 36
2017/11/26_17:14:37: Peer 1006 received the ‘interested’ message from 1004
2017/11/26_17:14:37: Peer 1006 received the ‘interested’ message from 1002
2017/11/26_17:14:37: Peer 1006 received the ‘interested’ message from 1002
2017/11/26_17:14:37: Peer 1006 has downloaded the piece 59 from 1001 Now the number of pieces it has is 37
2017/11/26_17:14:37: Peer 1006 received the ‘interested’ message from 1003
2017/11/26_17:14:37: Peer 1006 received the ‘interested’ message from 1004
2017/11/26_17:14:37: Peer 1006 received the ‘interested’ message from 1002
2017/11/26_17:14:37: Peer 1006 received the ‘interested’ message from 1003
2017/11/26_17:14:37: Peer 1006 has downloaded the piece 38 from 1001 Now the number of pieces it has is 38
2017/11/26_17:14:37: Peer 1006 received the ‘interested’ message from 1004
2017/11/26_17:14:37: Peer 1006 received the ‘interested’ message from 1004
2017/11/26_17:14:37: Peer 1006 has downloaded the piece 131 from 1001 Now the number of pieces it has is 39
2017/11/26_17:14:37: Peer 1006 received the ‘interested’ message from 1002
2017/11/26_17:14:37: Peer 1006 received the ‘interested’ message from 1003
2017/11/26_17:14:37: Peer 1006 received the ‘interested’ message from 1002
2017/11/26_17:14:37: Peer 1006 received the ‘interested’ message from 1002
2017/11/26_17:14:37: Peer 1006 received the ‘interested’ message from 1002
2017/11/26_17:14:37: Peer 1006 received the ‘interested’ message from 1002
2017/11/26_17:14:37: Peer 1006 received the ‘interested’ message from 1004
2017/11/26_17:14:37: Peer 1006 has downloaded the piece 72 from 1001 Now the number of pieces it has is 40
2017/11/26_17:14:37: Peer 1006 received the ‘interested’ message from 1002
2017/11/26_17:14:37: Peer 1006 received the ‘interested’ message from 1003
2017/11/26_17:14:37: Peer 1006 has downloaded the piece 123 from 1001 Now the number of pieces it has is 41
2017/11/26_17:14:37: Peer 1006 received the ‘interested’ message from 1002
2017/11/26_17:14:37: Peer 1006 received the ‘interested’ message from 1004
2017/11/26_17:14:37: Peer 1006 received the ‘interested’ message from 1004
2017/11/26_17:14:37: Peer 1006 received the ‘interested’ message from 1002
2017/11/26_17:14:37: Peer 1006 has downloaded the piece 105 from 1001 Now the number of pieces it has is 42
2017/11/26_17:14:37: Peer 1006 received the ‘interested’ message from 1003
2017/11/26_17:14:37: Peer 1006 received the ‘interested’ message from 1003
2017/11/26_17:14:37: Peer 1006 received the ‘interested’ message from 1002
2017/11/26_17:14:37: Peer 1006 has downloaded the piece 17 from 1001 Now the number of pieces it has is 43
2017/11/26_17:14:37: Peer 1006 received the ‘interested’ message from 1004
2017/11/26_17:14:37: Peer 1006 received the ‘interested’ message from 1004
2017/11/26_17:14:37: Peer 1006 has downloaded the piece 187 from 1001 Now the number of pieces it has is 44
2017/11/26_17:14:37: Peer 1006 received the ‘interested’ message from 1002
2017/11/26_17:14:37: Peer 1006 received the ‘interested’ message from 1004
2017/11/26_17:14:37: Peer 1006 received the ‘interested’ message from 1002
2017/11/26_17:14:37: Peer 1006 has downloaded the piece 135 from 1001 Now the number of pieces it has is 45
2017/11/26_17:14:37: Peer 1006 received the ‘interested’ message from 1003
2017/11/26_17:14:37: Peer 1006 received the ‘interested’ message from 1002
2017/11/26_17:14:37: Peer 1006 received the ‘interested’ message from 1004
2017/11/26_17:14:37: Peer 1006 has downloaded the piece 181 from 1001 Now the number of pieces it has is 46
2017/11/26_17:14:37: Peer 1006 received the ‘interested’ message from 1003
2017/11/26_17:14:37: Peer 1006 received the ‘interested’ message from 1002
2017/11/26_17:14:37: Peer 1006 received the ‘interested’ message from 1004
2017/11/26_17:14:37: Peer 1006 has downloaded the piece 42 from 1001 Now the number of pieces it has is 47
2017/11/26_17:14:37: Peer 1006 has downloaded the piece 0 from 1001 Now the number of pieces it has is 48
2017/11/26_17:14:37: Peer 1006 received the ‘interested’ message from 1003
2017/11/26_17:14:37: Peer 1006 received the ‘interested’ message from 1002
2017/11/26_17:14:37: Peer 1006 received the ‘interested’ message from 1004
2017/11/26_17:14:37: Peer 1006 received the ‘interested’ message from 1003
2017/11/26_17:14:37: Peer 1006 received the ‘interested’ message from 1004
2017/11/26_17:14:37: Peer 1006 received the ‘interested’ message from 1002
2017/11/26_17:14:37: Peer 1006 has downloaded the piece 129 from 1001 Now the number of pieces it has is 49
2017/11/26_17:14:37: Peer 1006 has downloaded the piece 156 from 1001 Now the number of pieces it has is 50
2017/11/26_17:14:37: Peer 1006 received the ‘interested’ message from 1003
2017/11/26_17:14:37: Peer 1006 received the ‘interested’ message from 1004
2017/11/26_17:14:37: Peer 1006 received the ‘interested’ message from 1002
2017/11/26_17:14:37: Peer 1006 received the ‘interested’ message from 1003
2017/11/26_17:14:37: Peer 1006 received the ‘interested’ message from 1002
2017/11/26_17:14:37: Peer 1006 received the ‘interested’ message from 1004
2017/11/26_17:14:37: Peer 1006 has downloaded the piece 57 from 1001 Now the number of pieces it has is 51
2017/11/26_17:14:37: Peer 1006 has downloaded the piece 86 from 1001 Now the number of pieces it has is 52
2017/11/26_17:14:37: Peer 1006 received the ‘interested’ message from 1002
2017/11/26_17:14:37: Peer 1006 received the ‘interested’ message from 1004
2017/11/26_17:14:37: Peer 1006 received the ‘interested’ message from 1003
2017/11/26_17:14:37: Peer 1006 received the ‘interested’ message from 1004
2017/11/26_17:14:37: Peer 1006 has downloaded the piece 35 from 1001 Now the number of pieces it has is 53
2017/11/26_17:14:37: Peer 1006 received the ‘interested’ message from 1002
2017/11/26_17:14:37: Peer 1006 received the ‘interested’ message from 1003
2017/11/26_17:14:37: Peer 1006 received the ‘interested’ message from 1004
2017/11/26_17:14:37: Peer 1006 received the ‘interested’ message from 1002
2017/11/26_17:14:37: Peer 1006 has downloaded the piece 20 from 1001 Now the number of pieces it has is 54
2017/11/26_17:14:37: Peer 1006 has downloaded the piece 106 from 1001 Now the number of pieces it has is 55
2017/11/26_17:14:37: Peer 1006 received the ‘interested’ message from 1003
2017/11/26_17:14:37: Peer 1006 received the ‘interested’ message from 1004
2017/11/26_17:14:37: Peer 1006 received the ‘interested’ message from 1002
2017/11/26_17:14:37: Peer 1006 has downloaded the piece 127 from 1001 Now the number of pieces it has is 56
2017/11/26_17:14:37: Peer 1006 received the ‘interested’ message from 1003
2017/11/26_17:14:37: Peer 1006 received the ‘interested’ message from 1002
2017/11/26_17:14:37: Peer 1006 received the ‘interested’ message from 1004
2017/11/26_17:14:37: Peer 1006 has downloaded the piece 137 from 1001 Now the number of pieces it has is 57
2017/11/26_17:14:37: Peer 1006 has downloaded the piece 81 from 1001 Now the number of pieces it has is 58
2017/11/26_17:14:37: Peer 1006 received the ‘interested’ message from 1003
2017/11/26_17:14:37: Peer 1006 received the ‘interested’ message from 1002
2017/11/26_17:14:37: Peer 1006 received the ‘interested’ message from 1004
2017/11/26_17:14:38: Peer 1006 received the ‘have’ message from 1002 for the piece 131
2017/11/26_17:14:38: Peer 1006 received the ‘interested’ message from 1005
2017/11/26_17:14:38: Peer 1006 received the ‘interested’ message from 1005
2017/11/26_17:14:38: Peer 1006 received the ‘interested’ message from 1005
2017/11/26_17:14:38: Peer 1006 received the ‘interested’ message from 1005
2017/11/26_17:14:38: Peer 1006 received the ‘interested’ message from 1005
2017/11/26_17:14:38: Peer 1006 received the ‘interested’ message from 1005
2017/11/26_17:14:38: Peer 1006 received the ‘interested’ message from 1005
2017/11/26_17:14:38: Peer 1006 received the ‘interested’ message from 1005
2017/11/26_17:14:38: Peer 1006 received the ‘interested’ message from 1005
2017/11/26_17:14:38: Peer 1006 received the ‘interested’ message from 1005
2017/11/26_17:14:38: Peer 1006 received the ‘interested’ message from 1005
2017/11/26_17:14:38: Peer 1006 received the ‘interested’ message from 1005
2017/11/26_17:14:38: Peer 1006 received the ‘interested’ message from 1005
2017/11/26_17:14:38: Peer 1006 received the ‘interested’ message from 1005
2017/11/26_17:14:38: Peer 1006 received the ‘interested’ message from 1005
2017/11/26_17:14:38: Peer 1006 received the ‘interested’ message from 1005
2017/11/26_17:14:38: Peer 1006 received the ‘interested’ message from 1005
2017/11/26_17:14:38: Peer 1006 received the ‘interested’ message from 1005
2017/11/26_17:14:38: Peer 1006 received the ‘interested’ message from 1005
2017/11/26_17:14:38: Peer 1006 received the ‘interested’ message from 1005
2017/11/26_17:14:38: Peer 1006 received the ‘interested’ message from 1005
2017/11/26_17:14:38: Peer 1006 received the ‘interested’ message from 1005
2017/11/26_17:14:38: Peer 1006 received the ‘interested’ message from 1005
2017/11/26_17:14:38: Peer 1006 received the ‘interested’ message from 1005
2017/11/26_17:14:38: Peer 1006 received the ‘interested’ message from 1005
2017/11/26_17:14:38: Peer 1006 received the ‘interested’ message from 1005
2017/11/26_17:14:38: Peer 1006 received the ‘interested’ message from 1005
2017/11/26_17:14:38: Peer 1006 received the ‘interested’ message from 1005
2017/11/26_17:14:38: Peer 1006 received the ‘interested’ message from 1005
2017/11/26_17:14:38: Peer 1006 received the ‘interested’ message from 1005
2017/11/26_17:14:38: Peer 1006 received the ‘interested’ message from 1005
2017/11/26_17:14:38: Peer 1006 received the ‘interested’ message from 1005
2017/11/26_17:14:38: Peer 1006 received the ‘interested’ message from 1005
2017/11/26_17:14:38: Peer 1006 received the ‘interested’ message from 1005
2017/11/26_17:14:38: Peer 1006 received the ‘interested’ message from 1005
2017/11/26_17:14:38: Peer 1006 received the ‘interested’ message from 1005
2017/11/26_17:14:38: Peer 1006 received the ‘interested’ message from 1005
2017/11/26_17:14:38: Peer 1006 received the ‘interested’ message from 1005
2017/11/26_17:14:38: Peer 1006 received the ‘interested’ message from 1005
2017/11/26_17:14:38: Peer 1006 received the ‘interested’ message from 1005
2017/11/26_17:14:38: Peer 1006 received the ‘interested’ message from 1005
2017/11/26_17:14:38: Peer 1006 received the ‘interested’ message from 1005
2017/11/26_17:14:38: Peer 1006 received the ‘interested’ message from 1005
2017/11/26_17:14:38: Peer 1006 received the ‘interested’ message from 1005
2017/11/26_17:14:38: Peer 1006 received the ‘interested’ message from 1005
2017/11/26_17:14:38: Peer 1006 received the ‘interested’ message from 1005
2017/11/26_17:14:38: Peer 1006 received the ‘interested’ message from 1005
2017/11/26_17:14:38: Peer 1006 received the ‘interested’ message from 1005
2017/11/26_17:14:38: Peer 1006 received the ‘interested’ message from 1005
2017/11/26_17:14:38: Peer 1006 received the ‘interested’ message from 1005
2017/11/26_17:14:38: Peer 1006 received the ‘interested’ message from 1005
2017/11/26_17:14:41: Peer 1006 has the preferred neighbors [1005, 1004]
2017/11/26_17:14:41: Peer 1006 received the ‘have’ message from 1004 for the piece 106
2017/11/26_17:14:41: Peer 1006 received the ‘have’ message from 1005 for the piece 156
2017/11/26_17:14:41: Peer 1006 received the ‘have’ message from 1005 for the piece 27
2017/11/26_17:14:41: Peer 1006 received the ‘have’ message from 1005 for the piece 20
2017/11/26_17:14:41: Peer 1006 received the ‘have’ message from 1004 for the piece 66
2017/11/26_17:14:41: Peer 1006 received the ‘have’ message from 1004 for the piece 129
2017/11/26_17:14:42: Peer 1006 is unchoked by 1004
2017/11/26_17:14:42: Peer 1006 is choked by 1004
2017/11/26_17:14:43: Peer 1006 is unchoked by 1005
2017/11/26_17:14:43: Peer 1006 is choked by 1005
2017/11/26_17:14:46: Peer 1006 has the optimistically unchoked neighbor 1003
2017/11/26_17:14:46: Peer 1006 received the ‘have’ message from 1003 for the piece 130
2017/11/26_17:14:46: Peer 1006 has the preferred neighbors [1005, 1004]
2017/11/26_17:14:46: Peer 1006 received the ‘have’ message from 1003 for the piece 42
2017/11/26_17:14:47: Peer 1006 received the ‘have’ message from 1002 for the piece 106
2017/11/26_17:14:47: Peer 1006 received the ‘have’ message from 1002 for the piece 129
2017/11/26_17:14:47: Peer 1006 received the ‘have’ message from 1002 for the piece 66
2017/11/26_17:14:48: Peer 1006 received the ‘have’ message from 1002 for the piece 156
2017/11/26_17:14:48: Peer 1006 received the ‘have’ message from 1002 for the piece 20
2017/11/26_17:14:48: Peer 1006 received the ‘have’ message from 1002 for the piece 27
2017/11/26_17:14:49: Peer 1006 is unchoked by 1003
2017/11/26_17:14:49: Peer 1006 has downloaded the piece 112 from 1003 Now the number of pieces it has is 59
2017/11/26_17:14:49: Peer 1006 is choked by 1003
2017/11/26_17:14:51: Peer 1006 has the preferred neighbors [1003, 1005]
2017/11/26_17:14:51: Peer 1006 received the ‘have’ message from 1005 for the piece 194
2017/11/26_17:14:51: Peer 1006 received the ‘have’ message from 1005 for the piece 176
2017/11/26_17:14:51: Peer 1006 received the ‘have’ message from 1002 for the piece 194
2017/11/26_17:14:51: Peer 1006 received the ‘have’ message from 1005 for the piece 143
2017/11/26_17:14:51: Peer 1006 received the ‘have’ message from 1002 for the piece 176
2017/11/26_17:14:51: Peer 1006 received the ‘have’ message from 1002 for the piece 132
2017/11/26_17:14:51: Peer 1006 received the ‘have’ message from 1005 for the piece 132
2017/11/26_17:14:51: Peer 1006 received the ‘have’ message from 1005 for the piece 178
2017/11/26_17:14:51: Peer 1006 received the ‘have’ message from 1002 for the piece 143
2017/11/26_17:14:51: Peer 1006 received the ‘have’ message from 1002 for the piece 57
2017/11/26_17:14:51: Peer 1006 received the ‘have’ message from 1002 for the piece 90
2017/11/26_17:14:51: Peer 1006 received the ‘have’ message from 1005 for the piece 57
2017/11/26_17:14:51: Peer 1006 received the ‘have’ message from 1005 for the piece 60
2017/11/26_17:14:51: Peer 1006 received the ‘have’ message from 1002 for the piece 58
2017/11/26_17:14:51: Peer 1006 received the ‘have’ message from 1005 for the piece 90
2017/11/26_17:14:51: Peer 1006 received the ‘have’ message from 1002 for the piece 53
2017/11/26_17:14:51: Peer 1006 received the ‘have’ message from 1005 for the piece 82
2017/11/26_17:14:51: Peer 1006 received the ‘have’ message from 1005 for the piece 38
2017/11/26_17:14:51: Peer 1006 received the ‘have’ message from 1002 for the piece 149
2017/11/26_17:14:51: Peer 1006 received the ‘have’ message from 1005 for the piece 149
2017/11/26_17:14:51: Peer 1006 received the ‘have’ message from 1005 for the piece 58
2017/11/26_17:14:51: Peer 1006 received the ‘have’ message from 1005 for the piece 44
2017/11/26_17:14:51: Peer 1006 received the ‘have’ message from 1002 for the piece 35
2017/11/26_17:14:51: Peer 1006 received the ‘have’ message from 1005 for the piece 53
2017/11/26_17:14:51: Peer 1006 received the ‘have’ message from 1005 for the piece 35
2017/11/26_17:14:51: Peer 1006 received the ‘have’ message from 1002 for the piece 178
2017/11/26_17:14:51: Peer 1006 received the ‘have’ message from 1002 for the piece 38
2017/11/26_17:14:51: Peer 1006 received the ‘have’ message from 1002 for the piece 82
2017/11/26_17:14:51: Peer 1006 received the ‘have’ message from 1002 for the piece 44
2017/11/26_17:14:51: Peer 1006 received the ‘have’ message from 1002 for the piece 60
2017/11/26_17:14:52: Peer 1006 received the ‘have’ message from 1005 for the piece 153
2017/11/26_17:14:53: Peer 1006 is unchoked by 1002
2017/11/26_17:14:53: Peer 1006 has downloaded the piece 194 from 1002 Now the number of pieces it has is 60
2017/11/26_17:14:53: Peer 1006 has downloaded the piece 176 from 1002 Now the number of pieces it has is 61
2017/11/26_17:14:53: Peer 1006 received the ‘interested’ message from 1003
2017/11/26_17:14:53: Peer 1006 received the ‘interested’ message from 1003
2017/11/26_17:14:53: Peer 1006 received the ‘have’ message from 1003 for the piece 194
2017/11/26_17:14:53: Peer 1006 has downloaded the piece 87 from 1002 Now the number of pieces it has is 62
2017/11/26_17:14:53: Peer 1006 has downloaded the piece 169 from 1002 Now the number of pieces it has is 63
2017/11/26_17:14:53: Peer 1006 has downloaded the piece 82 from 1002 Now the number of pieces it has is 64
2017/11/26_17:14:53: Peer 1006 has downloaded the piece 165 from 1002 Now the number of pieces it has is 65
2017/11/26_17:14:53: Peer 1006 has downloaded the piece 121 from 1002 Now the number of pieces it has is 66
2017/11/26_17:14:53: Peer 1006 has downloaded the piece 149 from 1002 Now the number of pieces it has is 67
2017/11/26_17:14:53: Peer 1006 has downloaded the piece 4 from 1002 Now the number of pieces it has is 68
2017/11/26_17:14:53: Peer 1006 has downloaded the piece 90 from 1002 Now the number of pieces it has is 69
2017/11/26_17:14:53: Peer 1006 has downloaded the piece 178 from 1002 Now the number of pieces it has is 70
2017/11/26_17:14:53: Peer 1006 has downloaded the piece 53 from 1002 Now the number of pieces it has is 71
2017/11/26_17:14:53: Peer 1006 has downloaded the piece 111 from 1002 Now the number of pieces it has is 72
2017/11/26_17:14:53: Peer 1006 has downloaded the piece 9 from 1002 Now the number of pieces it has is 73
2017/11/26_17:14:53: Peer 1006 has downloaded the piece 60 from 1002 Now the number of pieces it has is 74
2017/11/26_17:14:53: Peer 1006 has downloaded the piece 58 from 1002 Now the number of pieces it has is 75
2017/11/26_17:14:53: Peer 1006 has downloaded the piece 143 from 1002 Now the number of pieces it has is 76
2017/11/26_17:14:53: Peer 1006 is unchoked by 1005
2017/11/26_17:14:53: Peer 1006 is choked by 1005
2017/11/26_17:14:54: Peer 1006 is unchoked by 1003
2017/11/26_17:14:54: Peer 1006 is choked by 1003
2017/11/26_17:14:56: Peer 1006 has the preferred neighbors [1002, 1005]
2017/11/26_17:14:57: Peer 1006 is unchoked by 1004
2017/11/26_17:14:57: Peer 1006 is choked by 1004
2017/11/26_17:14:58: Peer 1006 is choked by 1002
2017/11/26_17:14:58: Peer 1006 is unchoked by 1005
2017/11/26_17:14:58: Peer 1006 is choked by 1005
2017/11/26_17:15:01: Peer 1006 has the optimistically unchoked neighbor 1004
2017/11/26_17:15:01: Peer 1006 has the preferred neighbors [1005, 1004]
2017/11/26_17:15:03: Peer 1006 is unchoked by 1005
2017/11/26_17:15:03: Peer 1006 is choked by 1005
2017/11/26_17:15:06: Peer 1006 has the preferred neighbors [1005, 1004]
2017/11/26_17:15:08: Peer 1006 is unchoked by 1005
2017/11/26_17:15:08: Peer 1006 is choked by 1005
2017/11/26_17:15:09: Peer 1006 is unchoked by 1003
2017/11/26_17:15:09: Peer 1006 has downloaded the piece 160 from 1003 Now the number of pieces it has is 77
2017/11/26_17:15:09: Peer 1006 has downloaded the piece 174 from 1003 Now the number of pieces it has is 78
2017/11/26_17:15:09: Peer 1006 received the ‘interested’ message from 1002
2017/11/26_17:15:09: Peer 1006 received the ‘interested’ message from 1002
2017/11/26_17:15:11: Peer 1006 has the preferred neighbors [1003, 1005]
2017/11/26_17:15:12: Peer 1006 is unchoked by 1004
2017/11/26_17:15:12: Peer 1006 is choked by 1004
2017/11/26_17:15:13: Peer 1006 is unchoked by 1005
2017/11/26_17:15:13: Peer 1006 is choked by 1005
2017/11/26_17:15:16: Peer 1006 has the optimistically unchoked neighbor 1002
2017/11/26_17:15:16: Peer 1006 received the ‘have’ message from 1002 for the piece 174
2017/11/26_17:15:16: Peer 1006 received the ‘not interested’ message from 1002
2017/11/26_17:15:16: Peer 1006 received the ‘have’ message from 1002 for the piece 160
2017/11/26_17:15:16: Peer 1006 has the preferred neighbors [1005, 1004]
2017/11/26_17:15:16: Peer 1006 received the ‘not interested’ message from 1002
2017/11/26_17:15:18: Peer 1006 is unchoked by 1002
2017/11/26_17:15:18: Peer 1006 is choked by 1002
2017/11/26_17:15:18: Peer 1006 is unchoked by 1005
2017/11/26_17:15:18: Peer 1006 is choked by 1005
2017/11/26_17:15:21: Peer 1006 has the preferred neighbors [1005, 1004]
2017/11/26_17:15:23: Peer 1006 is unchoked by 1005
2017/11/26_17:15:23: Peer 1006 is choked by 1005
2017/11/26_17:15:26: Peer 1006 has the preferred neighbors [1005, 1004]
2017/11/26_17:15:28: Peer 1006 is unchoked by 1005
2017/11/26_17:15:28: Peer 1006 is choked by 1005
2017/11/26_17:15:31: Peer 1006 has the optimistically unchoked neighbor 1003
2017/11/26_17:15:31: Peer 1006 has the preferred neighbors [1005, 1004]
2017/11/26_17:15:33: Peer 1006 is unchoked by 1005
2017/11/26_17:15:33: Peer 1006 is choked by 1005
2017/11/26_17:15:36: Peer 1006 has the preferred neighbors [1005, 1004]
2017/11/26_17:15:38: Peer 1006 received the ‘have’ message from 1004 for the piece 178
2017/11/26_17:15:38: Peer 1006 received the ‘have’ message from 1004 for the piece 44
2017/11/26_17:15:38: Peer 1006 received the ‘have’ message from 1004 for the piece 27
2017/11/26_17:15:38: Peer 1006 received the ‘have’ message from 1004 for the piece 60
2017/11/26_17:15:38: Peer 1006 received the ‘have’ message from 1004 for the piece 53
2017/11/26_17:15:38: Peer 1006 received the ‘have’ message from 1004 for the piece 35
2017/11/26_17:15:38: Peer 1006 received the ‘have’ message from 1004 for the piece 160
2017/11/26_17:15:38: Peer 1006 received the ‘have’ message from 1004 for the piece 20
2017/11/26_17:15:38: Peer 1006 received the ‘have’ message from 1004 for the piece 58
2017/11/26_17:15:38: Peer 1006 received the ‘have’ message from 1004 for the piece 194
2017/11/26_17:15:38: Peer 1006 received the ‘have’ message from 1004 for the piece 82
2017/11/26_17:15:38: Peer 1006 received the ‘have’ message from 1004 for the piece 57
2017/11/26_17:15:38: Peer 1006 received the ‘have’ message from 1004 for the piece 90
2017/11/26_17:15:38: Peer 1006 received the ‘have’ message from 1004 for the piece 174
2017/11/26_17:15:38: Peer 1006 received the ‘have’ message from 1004 for the piece 156
2017/11/26_17:15:38: Peer 1006 received the ‘have’ message from 1004 for the piece 176
2017/11/26_17:15:38: Peer 1006 received the ‘have’ message from 1004 for the piece 38
2017/11/26_17:15:38: Peer 1006 received the ‘have’ message from 1004 for the piece 132
2017/11/26_17:15:38: Peer 1006 received the ‘have’ message from 1004 for the piece 149
2017/11/26_17:15:38: Peer 1006 is unchoked by 1005
2017/11/26_17:15:38: Peer 1006 is choked by 1005
2017/11/26_17:15:41: Peer 1006 has the preferred neighbors [1005, 1004]
2017/11/26_17:15:42: Peer 1006 is unchoked by 1004
2017/11/26_17:15:42: Peer 1006 is choked by 1004
2017/11/26_17:15:43: Peer 1006 is unchoked by 1005
2017/11/26_17:15:43: Peer 1006 is choked by 1005
2017/11/26_17:15:46: Peer 1006 has the optimistically unchoked neighbor 1003
2017/11/26_17:15:46: Peer 1006 has the preferred neighbors [1005, 1004]
2017/11/26_17:15:48: Peer 1006 is unchoked by 1005
2017/11/26_17:15:48: Peer 1006 is choked by 1005
2017/11/26_17:15:51: Peer 1006 has the preferred neighbors [1005, 1004]
2017/11/26_17:15:53: Peer 1006 is unchoked by 1005
2017/11/26_17:15:53: Peer 1006 is choked by 1005
2017/11/26_17:15:56: Peer 1006 has the preferred neighbors [1005, 1004]
2017/11/26_17:15:57: Peer 1006 is unchoked by 1004
2017/11/26_17:15:57: Peer 1006 is choked by 1004
