2017/11/23_13:09:18: Peer 1002 has the preferred neighbors [1001, 0]
2017/11/23_13:09:23: Peer 1002 received the ‘have’ message from 1003 for the piece 143
2017/11/23_13:09:23: Peer 1002 has the preferred neighbors [1001, 1003]
2017/11/23_13:09:24: Peer 1002 received the ‘have’ message from 1003 for the piece 11
2017/11/23_13:09:24: Peer 1002 is unchoked by 1003
2017/11/23_13:09:24: Peer 1002 has downloaded the piece 11 from 1003 Now the number of pieces it has is 1
2017/11/23_13:09:24: Peer 1002 received the ‘not interested’ message from 1001
2017/11/23_13:09:24: Peer 1002 received the ‘have’ message from 1003 for the piece 191
2017/11/23_13:09:25: Peer 1002 received the ‘not interested’ message from 1003
2017/11/23_13:09:25: Peer 1002 has downloaded the piece 143 from 1003 Now the number of pieces it has is 2
2017/11/23_13:09:25: Peer 1002 received the ‘not interested’ message from 1001
2017/11/23_13:09:25: Peer 1002 has downloaded the piece 143 from 1003 Now the number of pieces it has is 2
2017/11/23_13:09:25: Peer 1002 received the ‘not interested’ message from 1001
2017/11/23_13:09:25: Peer 1002 received the ‘have’ message from 1003 for the piece 73
2017/11/23_13:09:26: Peer 1002 has downloaded the piece 191 from 1003 Now the number of pieces it has is 3
2017/11/23_13:09:26: Peer 1002 received the ‘not interested’ message from 1001
2017/11/23_13:09:26: Peer 1002 received the ‘not interested’ message from 1003
2017/11/23_13:09:26: Peer 1002 has downloaded the piece 191 from 1003 Now the number of pieces it has is 3
2017/11/23_13:09:26: Peer 1002 received the ‘not interested’ message from 1001
2017/11/23_13:09:26: Peer 1002 received the ‘have’ message from 1003 for the piece 94
2017/11/23_13:09:30: Peer 1002 received the ‘not interested’ message from 1003
2017/11/23_13:09:30: Peer 1002 has the preferred neighbors [1003, 1001]
2017/11/23_13:09:30: Peer 1002 has downloaded the piece 191 from 1003 Now the number of pieces it has is 3
2017/11/23_13:09:30: Peer 1002 received the ‘not interested’ message from 1001
2017/11/23_13:09:30: Peer 1002 received the ‘have’ message from 1003 for the piece 5
2017/11/23_13:09:31: Peer 1002 has downloaded the piece 73 from 1003 Now the number of pieces it has is 4
2017/11/23_13:09:31: Peer 1002 received the ‘not interested’ message from 1001
2017/11/23_13:09:31: Peer 1002 received the ‘not interested’ message from 1003
2017/11/23_13:09:31: Peer 1002 has downloaded the piece 73 from 1003 Now the number of pieces it has is 4
2017/11/23_13:09:31: Peer 1002 received the ‘not interested’ message from 1001
2017/11/23_13:09:31: Peer 1002 received the ‘have’ message from 1003 for the piece 168
2017/11/23_13:09:32: Peer 1002 has downloaded the piece 73 from 1003 Now the number of pieces it has is 4
2017/11/23_13:09:32: Peer 1002 received the ‘not interested’ message from 1001
2017/11/23_13:09:32: Peer 1002 received the ‘have’ message from 1003 for the piece 51
2017/11/23_13:09:32: Peer 1002 received the ‘not interested’ message from 1003
2017/11/23_13:09:32: Peer 1002 has downloaded the piece 73 from 1003 Now the number of pieces it has is 4
2017/11/23_13:09:32: Peer 1002 received the ‘not interested’ message from 1001
2017/11/23_13:09:33: Peer 1002 has downloaded the piece 73 from 1003 Now the number of pieces it has is 4
2017/11/23_13:09:33: Peer 1002 received the ‘not interested’ message from 1001
2017/11/23_13:09:33: Peer 1002 received the ‘have’ message from 1003 for the piece 32
2017/11/23_13:09:33: Peer 1002 is unchoked by 1001
2017/11/23_13:09:33: Peer 1002 received the ‘have’ message from 1003 for the piece 76
2017/11/23_13:09:33: Peer 1002 has the preferred neighbors [1003, 1001]
2017/11/23_13:09:33: Peer 1002 received the ‘have’ message from 1003 for the piece 69
2017/11/23_13:09:34: Peer 1002 received the ‘have’ message from 1003 for the piece 78
2017/11/23_13:09:34: Peer 1002 received the ‘have’ message from 1003 for the piece 193
2017/11/23_13:09:34: Peer 1002 received the ‘have’ message from 1003 for the piece 183
2017/11/23_13:09:34: Peer 1002 received the ‘have’ message from 1003 for the piece 64
2017/11/23_13:09:35: Peer 1002 received the ‘have’ message from 1003 for the piece 160
2017/11/23_13:09:35: Peer 1002 received the ‘have’ message from 1003 for the piece 144
2017/11/23_13:09:35: Peer 1002 received the ‘not interested’ message from 1003
2017/11/23_13:09:35: Peer 1002 received the ‘have’ message from 1003 for the piece 181
2017/11/23_13:09:36: Peer 1002 received the ‘have’ message from 1003 for the piece 77
2017/11/23_13:09:36: Peer 1002 received the ‘not interested’ message from 1003
2017/11/23_13:09:36: Peer 1002 received the ‘have’ message from 1003 for the piece 92
2017/11/23_13:09:36: Peer 1002 received the ‘not interested’ message from 1003
2017/11/23_13:09:37: Peer 1002 received the ‘have’ message from 1003 for the piece 150
2017/11/23_13:09:37: Peer 1002 received the ‘not interested’ message from 1003
2017/11/23_13:09:37: Peer 1002 received the ‘have’ message from 1003 for the piece 190
2017/11/23_13:09:37: Peer 1002 received the ‘not interested’ message from 1003
2017/11/23_13:09:38: Peer 1002 received the ‘have’ message from 1003 for the piece 50
2017/11/23_13:09:38: Peer 1002 received the ‘not interested’ message from 1003
2017/11/23_13:09:38: Peer 1002 received the ‘have’ message from 1003 for the piece 41
2017/11/23_13:09:38: Peer 1002 received the ‘have’ message from 1003 for the piece 79
2017/11/23_13:09:38: Peer 1002 has the preferred neighbors [1003, 1001]
2017/11/23_13:09:39: Peer 1002 is unchoked by 1003
2017/11/23_13:09:39: Peer 1002 received the ‘have’ message from 1003 for the piece 7
2017/11/23_13:09:39: Peer 1002 received the ‘have’ message from 1003 for the piece 33
2017/11/23_13:09:39: Peer 1002 received the ‘have’ message from 1003 for the piece 80
2017/11/23_13:09:40: Peer 1002 received the ‘have’ message from 1003 for the piece 59
2017/11/23_13:09:40: Peer 1002 received the ‘have’ message from 1003 for the piece 24
2017/11/23_13:09:40: Peer 1002 received the ‘have’ message from 1003 for the piece 87
2017/11/23_13:09:40: Peer 1002 received the ‘have’ message from 1003 for the piece 68
2017/11/23_13:09:41: Peer 1002 received the ‘have’ message from 1003 for the piece 149
2017/11/23_13:09:41: Peer 1002 received the ‘have’ message from 1003 for the piece 47
2017/11/23_13:09:41: Peer 1002 received the ‘have’ message from 1003 for the piece 16
2017/11/23_13:09:41: Peer 1002 received the ‘have’ message from 1003 for the piece 43
2017/11/23_13:09:42: Peer 1002 received the ‘have’ message from 1003 for the piece 131
2017/11/23_13:09:42: Peer 1002 received the ‘have’ message from 1003 for the piece 105
2017/11/23_13:09:42: Peer 1002 is unchoked by 1003
2017/11/23_13:09:42: Peer 1002 received the ‘have’ message from 1003 for the piece 2
2017/11/23_13:09:43: Peer 1002 has downloaded the piece 77 from 1003 Now the number of pieces it has is 5
2017/11/23_13:09:43: Peer 1002 received the ‘not interested’ message from 1001
2017/11/23_13:09:43: Peer 1002 has downloaded the piece 41 from 1003 Now the number of pieces it has is 6
2017/11/23_13:09:43: Peer 1002 received the ‘not interested’ message from 1001
2017/11/23_13:09:43: Peer 1002 received the ‘have’ message from 1003 for the piece 102
2017/11/23_13:09:43: Peer 1002 has the preferred neighbors [1003, 1001]
2017/11/23_13:09:43: Peer 1002 has downloaded the piece 79 from 1003 Now the number of pieces it has is 7
2017/11/23_13:09:43: Peer 1002 received the ‘not interested’ message from 1001
2017/11/23_13:09:44: Peer 1002 has downloaded the piece 160 from 1003 Now the number of pieces it has is 8
2017/11/23_13:09:44: Peer 1002 received the ‘not interested’ message from 1001
2017/11/23_13:09:44: Peer 1002 received the ‘have’ message from 1003 for the piece 135
2017/11/23_13:09:44: Peer 1002 has downloaded the piece 183 from 1003 Now the number of pieces it has is 9
2017/11/23_13:09:44: Peer 1002 received the ‘not interested’ message from 1001
2017/11/23_13:09:44: Peer 1002 has downloaded the piece 160 from 1003 Now the number of pieces it has is 9
2017/11/23_13:09:45: Peer 1002 received the ‘not interested’ message from 1001
2017/11/23_13:09:45: Peer 1002 received the ‘have’ message from 1003 for the piece 66
2017/11/23_13:09:45: Peer 1002 has downloaded the piece 24 from 1003 Now the number of pieces it has is 10
2017/11/23_13:09:45: Peer 1002 received the ‘not interested’ message from 1001
2017/11/23_13:09:45: Peer 1002 received the ‘have’ message from 1003 for the piece 194
2017/11/23_13:09:46: Peer 1002 has downloaded the piece 79 from 1003 Now the number of pieces it has is 10
2017/11/23_13:09:46: Peer 1002 received the ‘not interested’ message from 1001
2017/11/23_13:09:46: Peer 1002 has downloaded the piece 76 from 1003 Now the number of pieces it has is 11
2017/11/23_13:09:46: Peer 1002 received the ‘not interested’ message from 1001
2017/11/23_13:09:46: Peer 1002 received the ‘have’ message from 1003 for the piece 119
2017/11/23_13:09:46: Peer 1002 has downloaded the piece 168 from 1003 Now the number of pieces it has is 12
2017/11/23_13:09:46: Peer 1002 received the ‘not interested’ message from 1001
2017/11/23_13:09:47: Peer 1002 has downloaded the piece 59 from 1003 Now the number of pieces it has is 13
2017/11/23_13:09:47: Peer 1002 received the ‘have’ message from 1003 for the piece 131
2017/11/23_13:09:47: Peer 1002 received the ‘not interested’ message from 1001
2017/11/23_13:09:47: Peer 1002 has downloaded the piece 5 from 1003 Now the number of pieces it has is 14
2017/11/23_13:09:47: Peer 1002 received the ‘not interested’ message from 1001
2017/11/23_13:09:47: Peer 1002 received the ‘have’ message from 1003 for the piece 128
2017/11/23_13:09:48: Peer 1002 has downloaded the piece 144 from 1003 Now the number of pieces it has is 15
2017/11/23_13:09:48: Peer 1002 received the ‘not interested’ message from 1001
2017/11/23_13:09:48: Peer 1002 has downloaded the piece 32 from 1003 Now the number of pieces it has is 16
2017/11/23_13:09:48: Peer 1002 is unchoked by 1001
2017/11/23_13:09:48: Peer 1002 received the ‘have’ message from 1003 for the piece 179
2017/11/23_13:09:48: Peer 1002 has the preferred neighbors [1003, 1001]
2017/11/23_13:09:48: Peer 1002 is unchoked by 1001
2017/11/23_13:09:49: Peer 1002 has downloaded the piece 80 from 1003 Now the number of pieces it has is 17
2017/11/23_13:09:49: Peer 1002 has downloaded the piece 176 from 1001 Now the number of pieces it has is 18
2017/11/23_13:09:49: Peer 1002 received the ‘not interested’ message from 1003
2017/11/23_13:09:49: Peer 1002 received the ‘not interested’ message from 1001
2017/11/23_13:09:49: Peer 1002 has downloaded the piece 69 from 1003 Now the number of pieces it has is 20
2017/11/23_13:09:49: Peer 1002 has downloaded the piece 46 from 1001 Now the number of pieces it has is 20
2017/11/23_13:09:50: Peer 1002 received the ‘have’ message from 1003 for the piece 189
2017/11/23_13:09:50: Peer 1002 received the ‘not interested’ message from 1003
2017/11/23_13:09:50: Peer 1002 has downloaded the piece 43 from 1001 Now the number of pieces it has is 21
2017/11/23_13:09:50: Peer 1002 has downloaded the piece 160 from 1003 Now the number of pieces it has is 21
2017/11/23_13:09:50: Peer 1002 received the ‘not interested’ message from 1001
2017/11/23_13:09:50: Peer 1002 received the ‘have’ message from 1003 for the piece 121
2017/11/23_13:09:51: Peer 1002 received the ‘not interested’ message from 1001
2017/11/23_13:09:51: Peer 1002 has downloaded the piece 51 from 1003 Now the number of pieces it has is 22
2017/11/23_13:09:51: Peer 1002 received the ‘not interested’ message from 1003
2017/11/23_13:09:51: Peer 1002 has downloaded the piece 155 from 1001 Now the number of pieces it has is 23
2017/11/23_13:09:51: Peer 1002 has downloaded the piece 52 from 1001 Now the number of pieces it has is 25
2017/11/23_13:09:51: Peer 1002 has downloaded the piece 78 from 1003 Now the number of pieces it has is 25
2017/11/23_13:09:52: Peer 1002 received the ‘not interested’ message from 1001
2017/11/23_13:09:52: Peer 1002 received the ‘not interested’ message from 1001
2017/11/23_13:09:52: Peer 1002 received the ‘have’ message from 1003 for the piece 46
2017/11/23_13:09:52: Peer 1002 received the ‘not interested’ message from 1003
2017/11/23_13:09:52: Peer 1002 has downloaded the piece 15 from 1001 Now the number of pieces it has is 26
2017/11/23_13:09:52: Peer 1002 received the ‘not interested’ message from 1001
2017/11/23_13:09:52: Peer 1002 has downloaded the piece 149 from 1003 Now the number of pieces it has is 27
2017/11/23_13:09:53: Peer 1002 received the ‘have’ message from 1003 for the piece 129
2017/11/23_13:09:53: Peer 1002 has downloaded the piece 95 from 1001 Now the number of pieces it has is 28
2017/11/23_13:09:53: Peer 1002 received the ‘not interested’ message from 1001
2017/11/23_13:09:53: Peer 1002 received the ‘not interested’ message from 1003
2017/11/23_13:09:53: Peer 1002 received the ‘have’ message from 1003 for the piece 165
2017/11/23_13:09:53: Peer 1002 has downloaded the piece 130 from 1001 Now the number of pieces it has is 29
2017/11/23_13:09:53: Peer 1002 received the ‘not interested’ message from 1003
2017/11/23_13:09:53: Peer 1002 has the preferred neighbors [1001, 1003]
2017/11/23_13:09:54: Peer 1002 received the ‘not interested’ message from 1001
2017/11/23_13:09:54: Peer 1002 received the ‘have’ message from 1003 for the piece 37
2017/11/23_13:09:54: Peer 1002 received the ‘have’ message from 1003 for the piece 137
2017/11/23_13:09:54: Peer 1002 has downloaded the piece 137 from 1001 Now the number of pieces it has is 30
2017/11/23_13:09:54: Peer 1002 received the ‘not interested’ message from 1003
2017/11/23_13:09:54: Peer 1002 received the ‘not interested’ message from 1001
2017/11/23_13:09:54: Peer 1002 received the ‘have’ message from 1003 for the piece 21
2017/11/23_13:09:55: Peer 1002 received the ‘not interested’ message from 1003
2017/11/23_13:09:55: Peer 1002 has downloaded the piece 105 from 1001 Now the number of pieces it has is 31
2017/11/23_13:09:55: Peer 1002 received the ‘not interested’ message from 1001
2017/11/23_13:09:55: Peer 1002 received the ‘not interested’ message from 1003
2017/11/23_13:09:55: Peer 1002 received the ‘not interested’ message from 1001
2017/11/23_13:09:55: Peer 1002 received the ‘have’ message from 1003 for the piece 194
2017/11/23_13:09:55: Peer 1002 received the ‘have’ message from 1003 for the piece 46
2017/11/23_13:09:55: Peer 1002 has downloaded the piece 58 from 1001 Now the number of pieces it has is 32
2017/11/23_13:09:56: Peer 1002 received the ‘not interested’ message from 1003
2017/11/23_13:09:56: Peer 1002 received the ‘not interested’ message from 1003
2017/11/23_13:09:56: Peer 1002 has downloaded the piece 64 from 1001 Now the number of pieces it has is 33
2017/11/23_13:09:56: Peer 1002 received the ‘have’ message from 1003 for the piece 112
2017/11/23_13:09:56: Peer 1002 received the ‘not interested’ message from 1003
2017/11/23_13:09:56: Peer 1002 has downloaded the piece 85 from 1001 Now the number of pieces it has is 34
2017/11/23_13:09:57: Peer 1002 received the ‘not interested’ message from 1001
2017/11/23_13:09:57: Peer 1002 received the ‘have’ message from 1003 for the piece 185
2017/11/23_13:09:57: Peer 1002 received the ‘have’ message from 1003 for the piece 88
2017/11/23_13:09:57: Peer 1002 has downloaded the piece 16 from 1001 Now the number of pieces it has is 35
2017/11/23_13:09:57: Peer 1002 received the ‘not interested’ message from 1003
2017/11/23_13:09:57: Peer 1002 received the ‘not interested’ message from 1003
2017/11/23_13:09:58: Peer 1002 has downloaded the piece 71 from 1001 Now the number of pieces it has is 36
2017/11/23_13:09:58: Peer 1002 received the ‘have’ message from 1003 for the piece 54
2017/11/23_13:09:58: Peer 1002 received the ‘not interested’ message from 1003
2017/11/23_13:09:58: Peer 1002 received the ‘not interested’ message from 1001
