2017/11/26_16:37:54: Peer 1005 has the preferred neighbors [0, 0]
2017/11/26_16:37:55: Peer 1005 is unchoked by 1003
2017/11/26_16:37:55: Peer 1005 received the ‘have’ message from 1004 for the piece 39
2017/11/26_16:37:55: Peer 1005 has downloaded the piece 39 from 1003 Now the number of pieces it has is 1
2017/11/26_16:37:56: Peer 1005 received the ‘have’ message from 1004 for the piece 131
2017/11/26_16:37:56: Peer 1005 received the ‘have’ message from 1006 for the piece 140
2017/11/26_16:37:56: Peer 1005 received the ‘have’ message from 1004 for the piece 85
2017/11/26_16:37:56: Peer 1005 received the ‘have’ message from 1006 for the piece 72
2017/11/26_16:37:56: Peer 1005 received the ‘have’ message from 1004 for the piece 159
2017/11/26_16:37:56: Peer 1005 received the ‘have’ message from 1006 for the piece 19
2017/11/26_16:37:56: Peer 1005 received the ‘have’ message from 1004 for the piece 162
2017/11/26_16:37:56: Peer 1005 received the ‘have’ message from 1004 for the piece 73
2017/11/26_16:37:56: Peer 1005 received the ‘have’ message from 1004 for the piece 148
2017/11/26_16:37:57: Peer 1005 is unchoked by 1004
2017/11/26_16:37:57: Peer 1005 has downloaded the piece 85 from 1004 Now the number of pieces it has is 2
2017/11/26_16:37:57: Peer 1005 received the ‘interested’ message from 1002
2017/11/26_16:37:57: Peer 1005 received the ‘interested’ message from 1006
2017/11/26_16:37:57: Peer 1005 has downloaded the piece 73 from 1004 Now the number of pieces it has is 3
2017/11/26_16:37:57: Peer 1005 received the ‘interested’ message from 1002
2017/11/26_16:37:57: Peer 1005 received the ‘interested’ message from 1006
2017/11/26_16:37:57: Peer 1005 has downloaded the piece 121 from 1004 Now the number of pieces it has is 4
2017/11/26_16:37:57: Peer 1005 received the ‘interested’ message from 1006
2017/11/26_16:37:57: Peer 1005 has downloaded the piece 159 from 1004 Now the number of pieces it has is 5
2017/11/26_16:37:57: Peer 1005 has downloaded the piece 88 from 1004 Now the number of pieces it has is 6
2017/11/26_16:37:57: Peer 1005 received the ‘interested’ message from 1006
2017/11/26_16:37:57: Peer 1005 received the ‘interested’ message from 1006
2017/11/26_16:37:58: Peer 1005 has the preferred neighbors [1002, 1006]
2017/11/26_16:37:58: Peer 1005 received the ‘have’ message from 1002 for the piece 85
2017/11/26_16:37:58: Peer 1005 received the ‘not interested’ message from 1002
2017/11/26_16:37:58: Peer 1005 received the ‘have’ message from 1006 for the piece 85
2017/11/26_16:37:58: Peer 1005 received the ‘have’ message from 1006 for the piece 73
2017/11/26_16:37:59: Peer 1005 received the ‘have’ message from 1006 for the piece 121
2017/11/26_16:37:59: Peer 1005 received the ‘have’ message from 1006 for the piece 159
2017/11/26_16:37:59: Peer 1005 received the ‘have’ message from 1006 for the piece 88
2017/11/26_16:37:59: Peer 1005 received the ‘not interested’ message from 1006
2017/11/26_16:37:59: Peer 1005 received the ‘have’ message from 1006 for the piece 39
2017/11/26_16:37:59: Peer 1005 received the ‘not interested’ message from 1006
2017/11/26_16:38:00: Peer 1005 is unchoked by 1006
2017/11/26_16:38:00: Peer 1005 has downloaded the piece 140 from 1006 Now the number of pieces it has is 7
2017/11/26_16:38:00: Peer 1005 has downloaded the piece 19 from 1006 Now the number of pieces it has is 8
2017/11/26_16:38:00: Peer 1005 has downloaded the piece 72 from 1006 Now the number of pieces it has is 9
2017/11/26_16:38:02: Peer 1005 received the ‘have’ message from 1006 for the piece 131
2017/11/26_16:38:02: Peer 1005 received the ‘have’ message from 1006 for the piece 162
2017/11/26_16:38:02: Peer 1005 has downloaded the piece 131 from 1006 Now the number of pieces it has is 10
2017/11/26_16:38:02: Peer 1005 received the ‘have’ message from 1006 for the piece 171
2017/11/26_16:38:02: Peer 1005 has downloaded the piece 162 from 1006 Now the number of pieces it has is 11
2017/11/26_16:38:02: Peer 1005 is unchoked by 1002
2017/11/26_16:38:03: Peer 1005 has the preferred neighbors [0, 0]
2017/11/26_16:38:06: Peer 1005 is unchoked by 1001
2017/11/26_16:38:06: Peer 1005 has downloaded the piece 82 from 1001 Now the number of pieces it has is 12
2017/11/26_16:38:06: Peer 1005 has downloaded the piece 178 from 1001 Now the number of pieces it has is 13
2017/11/26_16:38:06: Peer 1005 has downloaded the piece 4 from 1001 Now the number of pieces it has is 14
2017/11/26_16:38:06: Peer 1005 has downloaded the piece 115 from 1001 Now the number of pieces it has is 15
2017/11/26_16:38:06: Peer 1005 has downloaded the piece 41 from 1001 Now the number of pieces it has is 16
2017/11/26_16:38:06: Peer 1005 has downloaded the piece 172 from 1001 Now the number of pieces it has is 17
2017/11/26_16:38:06: Peer 1005 has downloaded the piece 22 from 1001 Now the number of pieces it has is 18
2017/11/26_16:38:06: Peer 1005 has downloaded the piece 11 from 1001 Now the number of pieces it has is 19
2017/11/26_16:38:06: Peer 1005 has downloaded the piece 51 from 1001 Now the number of pieces it has is 20
2017/11/26_16:38:06: Peer 1005 has downloaded the piece 48 from 1001 Now the number of pieces it has is 21
2017/11/26_16:38:06: Peer 1005 has downloaded the piece 100 from 1001 Now the number of pieces it has is 22
2017/11/26_16:38:06: Peer 1005 has downloaded the piece 80 from 1001 Now the number of pieces it has is 23
2017/11/26_16:38:06: Peer 1005 has downloaded the piece 57 from 1001 Now the number of pieces it has is 24
2017/11/26_16:38:06: Peer 1005 has downloaded the piece 0 from 1001 Now the number of pieces it has is 25
2017/11/26_16:38:06: Peer 1005 has downloaded the piece 2 from 1001 Now the number of pieces it has is 26
2017/11/26_16:38:06: Peer 1005 has downloaded the piece 128 from 1001 Now the number of pieces it has is 27
2017/11/26_16:38:06: Peer 1005 has downloaded the piece 116 from 1001 Now the number of pieces it has is 28
2017/11/26_16:38:06: Peer 1005 has downloaded the piece 118 from 1001 Now the number of pieces it has is 29
2017/11/26_16:38:06: Peer 1005 has downloaded the piece 29 from 1001 Now the number of pieces it has is 30
2017/11/26_16:38:06: Peer 1005 has downloaded the piece 98 from 1001 Now the number of pieces it has is 31
2017/11/26_16:38:06: Peer 1005 has downloaded the piece 63 from 1001 Now the number of pieces it has is 32
2017/11/26_16:38:06: Peer 1005 has downloaded the piece 142 from 1001 Now the number of pieces it has is 33
2017/11/26_16:38:06: Peer 1005 has downloaded the piece 164 from 1001 Now the number of pieces it has is 34
2017/11/26_16:38:06: Peer 1005 has downloaded the piece 84 from 1001 Now the number of pieces it has is 35
2017/11/26_16:38:06: Peer 1005 has downloaded the piece 120 from 1001 Now the number of pieces it has is 36
2017/11/26_16:38:06: Peer 1005 has downloaded the piece 183 from 1001 Now the number of pieces it has is 37
2017/11/26_16:38:06: Peer 1005 has downloaded the piece 7 from 1001 Now the number of pieces it has is 38
2017/11/26_16:38:06: Peer 1005 has downloaded the piece 38 from 1001 Now the number of pieces it has is 39
2017/11/26_16:38:06: Peer 1005 has downloaded the piece 58 from 1001 Now the number of pieces it has is 40
2017/11/26_16:38:06: Peer 1005 has downloaded the piece 45 from 1001 Now the number of pieces it has is 41
2017/11/26_16:38:06: Peer 1005 has downloaded the piece 106 from 1001 Now the number of pieces it has is 42
2017/11/26_16:38:06: Peer 1005 has downloaded the piece 46 from 1001 Now the number of pieces it has is 43
2017/11/26_16:38:06: Peer 1005 has downloaded the piece 9 from 1001 Now the number of pieces it has is 44
2017/11/26_16:38:07: Peer 1005 is choked by 1002
2017/11/26_16:38:08: Peer 1005 has the preferred neighbors [0, 0]
2017/11/26_16:38:13: Peer 1005 has the preferred neighbors [0, 0]
2017/11/26_16:38:18: Peer 1005 has the preferred neighbors [0, 0]
2017/11/26_16:38:19: Peer 1005 received the ‘have’ message from 1002 for the piece 73
2017/11/26_16:38:23: Peer 1005 has the preferred neighbors [0, 0]
2017/11/26_16:38:28: Peer 1005 has the preferred neighbors [0, 0]
2017/11/26_16:38:33: Peer 1005 has the preferred neighbors [0, 0]
2017/11/26_16:38:38: Peer 1005 has the preferred neighbors [0, 0]
2017/11/26_16:38:43: Peer 1005 has the preferred neighbors [0, 0]
2017/11/26_16:38:47: Peer 1005 is unchoked by 1002
2017/11/26_16:38:47: Peer 1005 is choked by 1002
2017/11/26_16:38:48: Peer 1005 has the preferred neighbors [0, 0]
2017/11/26_16:38:53: Peer 1005 has the preferred neighbors [0, 0]
2017/11/26_16:38:58: Peer 1005 has the preferred neighbors [0, 0]
2017/11/26_16:39:03: Peer 1005 has the preferred neighbors [0, 0]
2017/11/26_16:39:08: Peer 1005 has the preferred neighbors [0, 0]
2017/11/26_16:39:13: Peer 1005 has the preferred neighbors [0, 0]
2017/11/26_16:39:17: Peer 1005 is unchoked by 1002
2017/11/26_16:39:17: Peer 1005 is choked by 1002
2017/11/26_16:39:18: Peer 1005 has the preferred neighbors [0, 0]
2017/11/26_16:39:23: Peer 1005 has the preferred neighbors [0, 0]
2017/11/26_16:39:28: Peer 1005 has the preferred neighbors [0, 0]
2017/11/26_16:39:32: Peer 1005 is unchoked by 1002
2017/11/26_16:39:32: Peer 1005 is choked by 1002
2017/11/26_16:39:33: Peer 1005 has the preferred neighbors [0, 0]
