2017/11/25_00:44:09: Peer 1003 has the preferred neighbors [0, 0]
2017/11/25_00:44:13: Peer 1003 is unchoked by 1001
2017/11/25_00:44:13: Peer 1003 received the ‘have’ message from 1004 for the piece 26
2017/11/25_00:44:13: Peer 1003 received the ‘have’ message from 1005 for the piece 25
2017/11/25_00:44:13: Peer 1003 received the ‘have’ message from 1006 for the piece 0
2017/11/25_00:44:13: Peer 1003 received the ‘interested’ message from 1002
2017/11/25_00:44:13: Peer 1003 has downloaded the piece 3 from 1001 Now the number of pieces it has is 1
2017/11/25_00:44:13: Peer 1003 received the ‘interested’ message from 1005
2017/11/25_00:44:13: Peer 1003 received the ‘interested’ message from 1004
2017/11/25_00:44:13: Peer 1003 received the ‘interested’ message from 1006
2017/11/25_00:44:13: Peer 1003 received the ‘interested’ message from 1002
2017/11/25_00:44:14: Peer 1003 received the ‘have’ message from 1006 for the piece 61
2017/11/25_00:44:14: Peer 1003 received the ‘have’ message from 1004 for the piece 88
2017/11/25_00:44:14: Peer 1003 received the ‘interested’ message from 1006
2017/11/25_00:44:14: Peer 1003 has downloaded the piece 27 from 1001 Now the number of pieces it has is 2
2017/11/25_00:44:14: Peer 1003 received the ‘interested’ message from 1004
2017/11/25_00:44:14: Peer 1003 received the ‘interested’ message from 1005
2017/11/25_00:44:14: Peer 1003 received the ‘have’ message from 1005 for the piece 66
2017/11/25_00:44:14: Peer 1003 received the ‘not interested’ message from 1001
2017/11/25_00:44:14: Peer 1003 has the preferred neighbors [1002, 1004]
2017/11/25_00:44:14: Peer 1003 received the ‘have’ message from 1002 for the piece 3
2017/11/25_00:44:14: Peer 1003 received the ‘have’ message from 1004 for the piece 27
2017/11/25_00:44:14: Peer 1003 received the ‘interested’ message from 1005
2017/11/25_00:44:14: Peer 1003 received the ‘interested’ message from 1006
2017/11/25_00:44:14: Peer 1003 has downloaded the piece 33 from 1001 Now the number of pieces it has is 3
2017/11/25_00:44:14: Peer 1003 received the ‘have’ message from 1006 for the piece 39
2017/11/25_00:44:14: Peer 1003 received the ‘have’ message from 1005 for the piece 12
2017/11/25_00:44:14: Peer 1003 received the ‘have’ message from 1004 for the piece 57
2017/11/25_00:44:14: Peer 1003 is unchoked by 1004
2017/11/25_00:44:14: Peer 1003 received the ‘interested’ message from 1002
2017/11/25_00:44:14: Peer 1003 received the ‘not interested’ message from 1001
2017/11/25_00:44:15: Peer 1003 is unchoked by 1005
2017/11/25_00:44:15: Peer 1003 received the ‘have’ message from 1002 for the piece 27
2017/11/25_00:44:15: Peer 1003 has downloaded the piece 40 from 1001 Now the number of pieces it has is 5
2017/11/25_00:44:15: Peer 1003 received the ‘have’ message from 1006 for the piece 89
2017/11/25_00:44:15: Peer 1003 received the ‘interested’ message from 1006
2017/11/25_00:44:15: Peer 1003 received the ‘interested’ message from 1004
2017/11/25_00:44:15: Peer 1003 received the ‘have’ message from 1002 for the piece 27
2017/11/25_00:44:16: Peer 1003 has downloaded the piece 66 from 1005 Now the number of pieces it has is 5
2017/11/25_00:44:16: Peer 1003 received the ‘interested’ message from 1006
2017/11/25_00:44:16: Peer 1003 received the ‘have’ message from 1006 for the piece 72
2017/11/25_00:44:16: Peer 1003 received the ‘have’ message from 1002 for the piece 88
2017/11/25_00:44:16: Peer 1003 received the ‘have’ message from 1002 for the piece 33
2017/11/25_00:44:16: Peer 1003 received the ‘have’ message from 1004 for the piece 24
2017/11/25_00:44:16: Peer 1003 received the ‘have’ message from 1005 for the piece 62
2017/11/25_00:44:16: Peer 1003 received the ‘interested’ message from 1006
2017/11/25_00:44:16: Peer 1003 has downloaded the piece 40 from 1001 Now the number of pieces it has is 5
2017/11/25_00:44:16: Peer 1003 received the ‘have’ message from 1004 for the piece 25
2017/11/25_00:44:16: Peer 1003 received the ‘interested’ message from 1005
2017/11/25_00:44:16: Peer 1003 received the ‘not interested’ message from 1001
2017/11/25_00:44:16: Peer 1003 received the ‘have’ message from 1002 for the piece 27
2017/11/25_00:44:16: Peer 1003 received the ‘have’ message from 1005 for the piece 84
2017/11/25_00:44:16: Peer 1003 received the ‘have’ message from 1006 for the piece 72
2017/11/25_00:44:16: Peer 1003 received the ‘interested’ message from 1002
2017/11/25_00:44:17: Peer 1003 received the ‘have’ message from 1004 for the piece 0
2017/11/25_00:44:17: Peer 1003 received the ‘interested’ message from 1005
2017/11/25_00:44:17: Peer 1003 received the ‘interested’ message from 1006
2017/11/25_00:44:17: Peer 1003 has downloaded the piece 56 from 1001 Now the number of pieces it has is 6
2017/11/25_00:44:17: Peer 1003 received the ‘have’ message from 1006 for the piece 49
2017/11/25_00:44:17: Peer 1003 received the ‘have’ message from 1002 for the piece 57
2017/11/25_00:44:17: Peer 1003 received the ‘interested’ message from 1002
2017/11/25_00:44:17: Peer 1003 received the ‘have’ message from 1004 for the piece 13
2017/11/25_00:44:17: Peer 1003 received the ‘interested’ message from 1006
2017/11/25_00:44:17: Peer 1003 has downloaded the piece 12 from 1005 Now the number of pieces it has is 8
2017/11/25_00:44:17: Peer 1003 has downloaded the piece 63 from 1001 Now the number of pieces it has is 8
2017/11/25_00:44:17: Peer 1003 received the ‘not interested’ message from 1001
2017/11/25_00:44:17: Peer 1003 received the ‘have’ message from 1005 for the piece 89
2017/11/25_00:44:17: Peer 1003 received the ‘have’ message from 1002 for the piece 33
2017/11/25_00:44:18: Peer 1003 received the ‘interested’ message from 1005
2017/11/25_00:44:18: Peer 1003 received the ‘not interested’ message from 1001
