2017/11/26_16:37:55: Peer 1006 has the preferred neighbors [0, 0]
2017/11/26_16:37:56: Peer 1006 is unchoked by 1001
2017/11/26_16:37:56: Peer 1006 has downloaded the piece 140 from 1001 Now the number of pieces it has is 1
2017/11/26_16:37:56: Peer 1006 received the ‘have’ message from 1004 for the piece 131
2017/11/26_16:37:56: Peer 1006 has downloaded the piece 72 from 1001 Now the number of pieces it has is 2
2017/11/26_16:37:56: Peer 1006 received the ‘have’ message from 1004 for the piece 85
2017/11/26_16:37:56: Peer 1006 received the ‘interested’ message from 1004
2017/11/26_16:37:56: Peer 1006 received the ‘interested’ message from 1004
2017/11/26_16:37:56: Peer 1006 received the ‘interested’ message from 1002
2017/11/26_16:37:56: Peer 1006 received the ‘interested’ message from 1002
2017/11/26_16:37:56: Peer 1006 received the ‘interested’ message from 1003
2017/11/26_16:37:56: Peer 1006 received the ‘interested’ message from 1003
2017/11/26_16:37:56: Peer 1006 received the ‘have’ message from 1004 for the piece 159
2017/11/26_16:37:56: Peer 1006 has downloaded the piece 19 from 1001 Now the number of pieces it has is 3
2017/11/26_16:37:56: Peer 1006 received the ‘interested’ message from 1003
2017/11/26_16:37:56: Peer 1006 received the ‘interested’ message from 1005
2017/11/26_16:37:56: Peer 1006 received the ‘have’ message from 1004 for the piece 162
2017/11/26_16:37:56: Peer 1006 received the ‘have’ message from 1004 for the piece 73
2017/11/26_16:37:56: Peer 1006 received the ‘interested’ message from 1005
2017/11/26_16:37:56: Peer 1006 received the ‘interested’ message from 1004
2017/11/26_16:37:56: Peer 1006 received the ‘interested’ message from 1005
2017/11/26_16:37:56: Peer 1006 received the ‘have’ message from 1004 for the piece 148
2017/11/26_16:37:57: Peer 1006 received the ‘have’ message from 1005 for the piece 85
2017/11/26_16:37:57: Peer 1006 received the ‘have’ message from 1005 for the piece 73
2017/11/26_16:37:57: Peer 1006 received the ‘have’ message from 1005 for the piece 121
2017/11/26_16:37:57: Peer 1006 received the ‘have’ message from 1005 for the piece 159
2017/11/26_16:37:57: Peer 1006 received the ‘have’ message from 1005 for the piece 88
2017/11/26_16:37:58: Peer 1006 is unchoked by 1005
2017/11/26_16:37:58: Peer 1006 received the ‘have’ message from 1002 for the piece 85
2017/11/26_16:37:58: Peer 1006 has downloaded the piece 85 from 1005 Now the number of pieces it has is 4
2017/11/26_16:37:58: Peer 1006 received the ‘interested’ message from 1003
2017/11/26_16:37:58: Peer 1006 received the ‘interested’ message from 1003
2017/11/26_16:37:58: Peer 1006 has downloaded the piece 73 from 1005 Now the number of pieces it has is 5
2017/11/26_16:37:59: Peer 1006 has downloaded the piece 121 from 1005 Now the number of pieces it has is 6
2017/11/26_16:37:59: Peer 1006 received the ‘interested’ message from 1003
2017/11/26_16:37:59: Peer 1006 has downloaded the piece 159 from 1005 Now the number of pieces it has is 7
2017/11/26_16:37:59: Peer 1006 received the ‘interested’ message from 1003
2017/11/26_16:37:59: Peer 1006 has downloaded the piece 88 from 1005 Now the number of pieces it has is 8
2017/11/26_16:37:59: Peer 1006 received the ‘interested’ message from 1002
2017/11/26_16:37:59: Peer 1006 received the ‘interested’ message from 1003
2017/11/26_16:37:59: Peer 1006 has downloaded the piece 39 from 1005 Now the number of pieces it has is 9
2017/11/26_16:38:00: Peer 1006 received the ‘have’ message from 1005 for the piece 140
2017/11/26_16:38:00: Peer 1006 has the preferred neighbors [1005, 1004]
2017/11/26_16:38:00: Peer 1006 received the ‘have’ message from 1004 for the piece 19
2017/11/26_16:38:00: Peer 1006 received the ‘have’ message from 1005 for the piece 19
2017/11/26_16:38:00: Peer 1006 received the ‘have’ message from 1004 for the piece 140
2017/11/26_16:38:01: Peer 1006 received the ‘not interested’ message from 1004
2017/11/26_16:38:01: Peer 1006 received the ‘have’ message from 1004 for the piece 72
2017/11/26_16:38:01: Peer 1006 received the ‘not interested’ message from 1005
2017/11/26_16:38:01: Peer 1006 received the ‘not interested’ message from 1004
2017/11/26_16:38:01: Peer 1006 received the ‘have’ message from 1005 for the piece 72
2017/11/26_16:38:01: Peer 1006 received the ‘not interested’ message from 1005
2017/11/26_16:38:01: Peer 1006 received the ‘have’ message from 1003 for the piece 36
2017/11/26_16:38:01: Peer 1006 received the ‘have’ message from 1003 for the piece 176
2017/11/26_16:38:01: Peer 1006 received the ‘have’ message from 1003 for the piece 73
2017/11/26_16:38:01: Peer 1006 received the ‘have’ message from 1003 for the piece 99
2017/11/26_16:38:01: Peer 1006 received the ‘have’ message from 1003 for the piece 46
2017/11/26_16:38:01: Peer 1006 received the ‘have’ message from 1003 for the piece 52
2017/11/26_16:38:01: Peer 1006 received the ‘have’ message from 1003 for the piece 12
2017/11/26_16:38:02: Peer 1006 is unchoked by 1004
2017/11/26_16:38:02: Peer 1006 has downloaded the piece 131 from 1004 Now the number of pieces it has is 10
2017/11/26_16:38:02: Peer 1006 received the ‘interested’ message from 1003
2017/11/26_16:38:02: Peer 1006 received the ‘interested’ message from 1002
2017/11/26_16:38:02: Peer 1006 received the ‘interested’ message from 1005
2017/11/26_16:38:02: Peer 1006 received the ‘interested’ message from 1002
2017/11/26_16:38:02: Peer 1006 received the ‘interested’ message from 1003
2017/11/26_16:38:02: Peer 1006 has downloaded the piece 162 from 1004 Now the number of pieces it has is 11
2017/11/26_16:38:02: Peer 1006 received the ‘interested’ message from 1005
2017/11/26_16:38:02: Peer 1006 received the ‘interested’ message from 1003
2017/11/26_16:38:02: Peer 1006 has downloaded the piece 171 from 1004 Now the number of pieces it has is 12
2017/11/26_16:38:02: Peer 1006 received the ‘have’ message from 1005 for the piece 131
2017/11/26_16:38:02: Peer 1006 has downloaded the piece 148 from 1004 Now the number of pieces it has is 13
2017/11/26_16:38:02: Peer 1006 received the ‘interested’ message from 1003
2017/11/26_16:38:02: Peer 1006 received the ‘interested’ message from 1005
2017/11/26_16:38:02: Peer 1006 received the ‘have’ message from 1005 for the piece 162
2017/11/26_16:38:02: Peer 1006 is unchoked by 1002
2017/11/26_16:38:02: Peer 1006 has downloaded the piece 87 from 1002 Now the number of pieces it has is 14
2017/11/26_16:38:02: Peer 1006 received the ‘interested’ message from 1003
2017/11/26_16:38:02: Peer 1006 received the ‘interested’ message from 1004
2017/11/26_16:38:02: Peer 1006 is choked by 1002
2017/11/26_16:38:02: Peer 1006 received the ‘have’ message from 1004 for the piece 87
2017/11/26_16:38:03: Peer 1006 is choked by 1005
2017/11/26_16:38:04: Peer 1006 is unchoked by 1003
2017/11/26_16:38:05: Peer 1006 has the preferred neighbors [1004, 1002]
2017/11/26_16:38:10: Peer 1006 has the optimistically unchoked neighbor 1005
2017/11/26_16:38:19: Peer 1006 received the ‘not interested’ message from 1004
2017/11/26_16:38:19: Peer 1006 is unchoked by 1002
2017/11/26_16:38:19: Peer 1006 has the preferred neighbors [1005, 1003]
2017/11/26_16:38:19: Peer 1006 received the ‘have’ message from 1005 for the piece 82
2017/11/26_16:38:19: Peer 1006 is choked by 1002
2017/11/26_16:38:19: Peer 1006 has downloaded the piece 51 from 1003 Now the number of pieces it has is 15
2017/11/26_16:38:19: Peer 1006 is choked by 1004
2017/11/26_16:38:19: Peer 1006 is choked by 1003
2017/11/26_16:38:19: Peer 1006 received the ‘have’ message from 1002 for the piece 73
2017/11/26_16:38:19: Peer 1006 received the ‘have’ message from 1005 for the piece 178
2017/11/26_16:38:19: Peer 1006 received the ‘have’ message from 1003 for the piece 140
2017/11/26_16:38:19: Peer 1006 received the ‘interested’ message from 1004
2017/11/26_16:38:19: Peer 1006 received the ‘have’ message from 1005 for the piece 4
2017/11/26_16:38:19: Peer 1006 received the ‘have’ message from 1003 for the piece 159
2017/11/26_16:38:19: Peer 1006 received the ‘have’ message from 1003 for the piece 131
2017/11/26_16:38:19: Peer 1006 received the ‘have’ message from 1005 for the piece 115
2017/11/26_16:38:19: Peer 1006 received the ‘have’ message from 1003 for the piece 87
2017/11/26_16:38:19: Peer 1006 received the ‘have’ message from 1003 for the piece 121
2017/11/26_16:38:19: Peer 1006 received the ‘have’ message from 1005 for the piece 41
2017/11/26_16:38:19: Peer 1006 received the ‘have’ message from 1003 for the piece 162
2017/11/26_16:38:19: Peer 1006 received the ‘have’ message from 1005 for the piece 172
2017/11/26_16:38:19: Peer 1006 received the ‘have’ message from 1005 for the piece 22
2017/11/26_16:38:19: Peer 1006 received the ‘have’ message from 1005 for the piece 11
2017/11/26_16:38:19: Peer 1006 received the ‘have’ message from 1005 for the piece 51
2017/11/26_16:38:19: Peer 1006 received the ‘have’ message from 1005 for the piece 48
2017/11/26_16:38:19: Peer 1006 received the ‘have’ message from 1005 for the piece 100
2017/11/26_16:38:19: Peer 1006 received the ‘have’ message from 1005 for the piece 80
2017/11/26_16:38:19: Peer 1006 received the ‘have’ message from 1005 for the piece 57
2017/11/26_16:38:19: Peer 1006 received the ‘have’ message from 1005 for the piece 0
2017/11/26_16:38:19: Peer 1006 received the ‘have’ message from 1005 for the piece 2
2017/11/26_16:38:19: Peer 1006 received the ‘have’ message from 1005 for the piece 128
2017/11/26_16:38:19: Peer 1006 received the ‘have’ message from 1005 for the piece 116
2017/11/26_16:38:19: Peer 1006 received the ‘have’ message from 1005 for the piece 118
2017/11/26_16:38:19: Peer 1006 received the ‘have’ message from 1005 for the piece 29
2017/11/26_16:38:19: Peer 1006 received the ‘have’ message from 1005 for the piece 98
2017/11/26_16:38:19: Peer 1006 received the ‘have’ message from 1005 for the piece 63
2017/11/26_16:38:19: Peer 1006 received the ‘have’ message from 1005 for the piece 142
2017/11/26_16:38:19: Peer 1006 received the ‘have’ message from 1005 for the piece 164
2017/11/26_16:38:19: Peer 1006 received the ‘have’ message from 1005 for the piece 84
2017/11/26_16:38:19: Peer 1006 received the ‘have’ message from 1005 for the piece 120
2017/11/26_16:38:19: Peer 1006 received the ‘have’ message from 1005 for the piece 183
2017/11/26_16:38:19: Peer 1006 received the ‘have’ message from 1005 for the piece 7
2017/11/26_16:38:19: Peer 1006 received the ‘have’ message from 1005 for the piece 38
2017/11/26_16:38:19: Peer 1006 received the ‘have’ message from 1005 for the piece 58
2017/11/26_16:38:19: Peer 1006 received the ‘have’ message from 1005 for the piece 45
2017/11/26_16:38:19: Peer 1006 received the ‘have’ message from 1005 for the piece 106
2017/11/26_16:38:19: Peer 1006 received the ‘have’ message from 1005 for the piece 46
2017/11/26_16:38:19: Peer 1006 received the ‘have’ message from 1005 for the piece 9
2017/11/26_16:38:19: Peer 1006 is unchoked by 1003
2017/11/26_16:38:22: Peer 1006 is unchoked by 1002
2017/11/26_16:38:24: Peer 1006 has the preferred neighbors [1003, 1005]
2017/11/26_16:38:25: Peer 1006 is choked by 1003
2017/11/26_16:38:25: Peer 1006 has the optimistically unchoked neighbor 1004
2017/11/26_16:38:25: Peer 1006 received the ‘have’ message from 1004 for the piece 51
2017/11/26_16:38:25: Peer 1006 received the ‘not interested’ message from 1004
2017/11/26_16:38:27: Peer 1006 is choked by 1002
2017/11/26_16:38:29: Peer 1006 has the preferred neighbors [1005, 1003]
2017/11/26_16:38:32: Peer 1006 is unchoked by 1002
2017/11/26_16:38:32: Peer 1006 is choked by 1002
2017/11/26_16:38:34: Peer 1006 has the preferred neighbors [1005, 1003]
2017/11/26_16:38:34: Peer 1006 is unchoked by 1003
2017/11/26_16:38:35: Peer 1006 is choked by 1003
2017/11/26_16:38:39: Peer 1006 has the preferred neighbors [1005, 1003]
2017/11/26_16:38:40: Peer 1006 has the optimistically unchoked neighbor 1002
2017/11/26_16:38:44: Peer 1006 has the preferred neighbors [1005, 1003]
2017/11/26_16:38:49: Peer 1006 has the preferred neighbors [1005, 1003]
2017/11/26_16:38:49: Peer 1006 is unchoked by 1003
2017/11/26_16:38:50: Peer 1006 is choked by 1003
2017/11/26_16:38:54: Peer 1006 has the preferred neighbors [1005, 1003]
2017/11/26_16:38:55: Peer 1006 has the optimistically unchoked neighbor 1002
2017/11/26_16:38:59: Peer 1006 has the preferred neighbors [1005, 1003]
2017/11/26_16:39:02: Peer 1006 is unchoked by 1002
2017/11/26_16:39:02: Peer 1006 is choked by 1002
2017/11/26_16:39:04: Peer 1006 has the preferred neighbors [1005, 1003]
2017/11/26_16:39:04: Peer 1006 is unchoked by 1003
2017/11/26_16:39:05: Peer 1006 is choked by 1003
2017/11/26_16:39:09: Peer 1006 has the preferred neighbors [1005, 1003]
2017/11/26_16:39:10: Peer 1006 has the optimistically unchoked neighbor 1002
2017/11/26_16:39:14: Peer 1006 has the preferred neighbors [1005, 1003]
2017/11/26_16:39:19: Peer 1006 has the preferred neighbors [1005, 1003]
2017/11/26_16:39:19: Peer 1006 is unchoked by 1003
2017/11/26_16:39:20: Peer 1006 is choked by 1003
2017/11/26_16:39:24: Peer 1006 has the preferred neighbors [1005, 1003]
2017/11/26_16:39:25: Peer 1006 has the optimistically unchoked neighbor 1002
2017/11/26_16:39:29: Peer 1006 has the preferred neighbors [1005, 1003]
